0 6.38326168060303 0.571903009414673
0.0200000000004366 6.38326168060303 0.577077369976157
0.0400000000008731 6.38741970062256 0.532802976418843
0.0600000000013097 6.39632368087769 0.481358777458925
0.0800000000017462 6.40909385681152 0.440172555612504
0.100000000002183 6.42443370819092 0.414236343016388
0.120000000002619 6.44112062454224 0.40272514677547
0.140000000003056 6.45820569992065 0.402435270972692
0.160000000003492 6.47486400604248 0.411932389483893
0.180000000003929 6.49073600769043 0.425716993747108
0.200000000004366 6.50563621520996 0.441734803691121
0.220000000004802 6.51947736740112 0.458825879540492
0.240000000005239 6.53226900100708 0.47584316394318
0.260000000005675 6.544105052948 0.491782932572118
0.280000000006112 6.55508995056152 0.50651681147063
0.300000000006548 6.56530046463013 0.520369600710425
0.320000000006985 6.57484865188599 0.53291870708892
0.340000000007421 6.58383274078369 0.544324084457812
0.360000000007858 6.59247875213623 0.553062028965435
0.380000000008295 6.60095691680908 0.559786565575152
0.400000000008731 6.60959815979004 0.562579508118335
0.420000000009168 6.61845827102661 0.564698780474536
0.440000000009604 6.6275806427002 0.56628937404161
0.460000000010041 6.63695192337036 0.56802416691326
0.480000000010477 6.64656352996826 0.569846923051281
0.500000000010914 6.65639400482178 0.571911024556728
0.52000000001135 6.66643047332764 0.574115224519508
0.540000000011787 6.67666339874268 0.576420295186936
0.560000000012224 6.68848133087158 0.562199989572985
0.58000000001266 6.7019100189209 0.54760180121139
0.600000000013097 6.7169713973999 0.532669392592996
0.620000000013533 6.7335262298584 0.519317920005906
0.64000000001397 6.75143766403198 0.507524363134953
0.660000000014406 6.77055788040161 0.497424433030166
0.680000000014843 6.79076290130615 0.488740398511361
0.70000000001528 6.811936378479 0.481386369867159
0.720000000015716 6.83398389816284 0.475106056404283
0.740000000016153 6.85682010650635 0.469795383396631
0.760000000016589 6.88037586212158 0.465264863663497
0.780000000017026 6.90458965301514 0.461426422330005
0.800000000017462 6.92941188812256 0.458140648003946
0.820000000017899 6.95479679107666 0.455364045316364
0.840000000018335 6.98071098327637 0.452950901510152
0.860000000018772 7.00712013244629 0.450913771497875
0.880000000019209 7.03399848937988 0.449151849081417
0.900000000019645 7.06132221221924 0.447643364298467
0.920000000020082 7.08907127380371 0.446343792498452
0.940000000020518 7.11723136901855 0.445185772059518
0.960000000020955 7.14578676223755 0.444186765225696
0.980000000021391 7.17472410202026 0.443318935016169
1.00000000002183 7.20403337478638 0.442543007024505
1.02000000002226 7.23370313644409 0.441876276477753
1.0400000000227 7.26372861862183 0.441239701189178
1.06000000002314 7.29409837722778 0.440712738270137
1.08000000002357 7.32480955123901 0.440193668779898
1.10000000002401 7.3558521270752 0.439767545161009
1.12000000002445 7.3872241973877 0.439338263468694
1.14000000002488 7.4189190864563 0.43896248661532
1.16000000002532 7.45093393325806 0.438595009017316
1.18000000002576 7.48326444625854 0.438252842526947
1.20000000002619 7.51590585708618 0.437941719794969
1.22000000002663 7.54885721206665 0.437616358934327
1.24000000002707 7.58211231231689 0.43733906059848
1.2600000000275 7.61566877365112 0.437064606243421
1.28000000002794 7.64952421188354 0.436792982393732
1.30000000002838 7.68367576599121 0.436529847208669
1.32000000002881 7.71812152862549 0.436263867956985
1.34000000002925 7.75285959243774 0.435995013672876
1.36000000002969 7.78788328170776 0.435779961402162
1.38000000003012 7.82319355010986 0.435528153865258
1.40000000003056 7.85878801345825 0.43527913684616
1.420000000031 7.89466190338135 0.435061257036
1.44000000003143 7.93081855773926 0.434778207948649
1.46000000003187 7.9672474861145 0.434594191806927
1.48000000003231 8.00395107269287 0.434356440056152
1.50000000003274 8.04092884063721 0.434098771656511
1.52000000003318 8.07817554473877 0.433877809914279
1.54000000003361 8.11568927764893 0.433653979824877
1.56000000003405 8.15346813201904 0.433427260750795
1.58000000003449 8.19151020050049 0.433197632779312
1.60000000003492 8.22981452941895 0.432953735265134
1.62000000003536 8.2683744430542 0.432763557710213
1.6400000000358 8.3071928024292 0.432513871335713
1.66000000003623 8.346266746521 0.432272505426299
1.68000000003667 8.38558959960938 0.432084849939399
1.70000000003711 8.4251651763916 0.431826337175584
1.72000000003754 8.46498775482178 0.431610124006645
1.74000000003798 8.50505542755127 0.431390993242796
1.76000000003842 8.54536628723145 0.431168932581638
1.78000000003885 8.5859203338623 0.430921247530832
1.80000000003929 8.62671089172363 0.430727235880902
1.82000000003973 8.66773986816406 0.430485017558303
1.84000000004016 8.70900440216064 0.430251128417375
1.8600000000406 8.75050067901611 0.430036941653765
1.88000000004104 8.79222774505615 0.429808506499957
1.90000000004147 8.83418273925781 0.42958845858751
1.92000000004191 8.87636470794678 0.429354149639144
1.94000000004235 8.91876983642578 0.429139558193371
1.96000000004278 8.96139812469482 0.428899395286874
1.98000000004322 9.00424480438232 0.428690283405765
2.00000000004366 9.04730987548828 0.428455634358061
2.02000000004409 9.09059143066406 0.428218048069756
2.04000000004453 9.1340856552124 0.42800020602507
2.06000000004497 9.17779064178467 0.427779506161781
2.0800000000454 9.22170257568359 0.427578632138486
2.10000000004584 9.26582336425781 0.427329618237872
2.12000000004628 9.31014919281006 0.427100353005928
2.14000000004671 9.35467720031738 0.426879578736965
2.16000000004715 9.39940547943115 0.426655998395765
2.18000000004758 9.44433116912842 0.426440958169921
2.20000000004802 9.4894552230835 0.426189138464096
2.22000000004846 9.53477096557617 0.425991155142089
2.24000000004889 9.58027935028076 0.425756486620344
2.26000000004933 9.62597560882568 0.425553068022304
2.28000000004977 9.67186164855957 0.425301639837929
2.3000000000502 9.71793079376221 0.425104122233234
2.32000000005064 9.76418495178223 0.424858655428863
2.34000000005108 9.81061840057373 0.424655819945442
2.36000000005151 9.85723400115967 0.424393717036485
2.38000000005195 9.90402317047119 0.424208253722558
2.40000000005239 9.95098781585693 0.423974971766968
2.42000000005282 9.99812602996826 0.423739089484838
2.44000000005326 10.0454330444336 0.42353464612559
2.4600000000537 10.0929098129272 0.423293730884474
2.48000000005413 10.1405506134033 0.423095629039811
2.50000000005457 10.1883573532104 0.422849789100818
2.52000000005501 10.2363233566284 0.422658140293414
2.54000000005544 10.2844524383545 0.422396148983417
2.56000000005588 10.3327360153198 0.422211030479967
2.58000000005632 10.3811779022217 0.421955650879563
2.60000000005675 10.4297723770142 0.421743202931226
2.62000000005719 10.4785165786743 0.421539846779763
2.64000000005763 10.5274105072021 0.421311622407016
2.66000000005806 10.576452255249 0.42108115583151
2.6800000000585 10.6256370544434 0.420882496087362
2.70000000005894 10.6749658584595 0.420647742154524
2.72000000005937 10.7244338989258 0.420444847638646
2.74000000005981 10.7740430831909 0.420194571511897
2.76000000006024 10.823787689209 0.419987510965133
2.78000000006068 10.8736658096313 0.419778491208926
2.80000000006112 10.9236764907837 0.419556200883871
2.82000000006155 10.9738168716431 0.419343312948341
2.84000000006199 11.0240850448608 0.419128557909234
2.86000000006243 11.0744791030884 0.418911968038887
2.88000000006286 11.1249980926514 0.418682234877067
2.9000000000633 11.1756391525269 0.418462034281316
2.92000000006374 11.2264003753662 0.418240099657701
2.94000000006417 11.2772769927979 0.418050490549832
2.96000000006461 11.3282718658447 0.417802633532418
2.98000000006505 11.3793792724609 0.417598435534471
3.00000000006548 11.4305963516235 0.417404071921442
3.02000000006592 11.4819240570068 0.417174256438448
3.04000000006636 11.5333595275879 0.416954272460275
3.06000000006679 11.5848989486694 0.416755541743666
3.08000000006723 11.6365432739258 0.416521479167469
3.10000000006767 11.688286781311 0.416331394652945
3.1200000000681 11.7401323318481 0.416083419894892
3.14000000006854 11.7920713424683 0.415913492355159
3.16000000006898 11.8441066741943 0.415685842780971
3.18000000006941 11.8962354660034 0.415468362064358
3.20000000006985 11.9484558105469 0.415249794483271
3.22000000007029 12.0007629394531 0.415064210453209
3.24000000007072 12.0531587600708 0.414832388878133
3.26000000007116 12.1056385040283 0.414633605423325
3.2800000000716 12.1582012176514 0.414422664452037
3.30000000007203 12.2108459472656 0.414199574852513
3.32000000007247 12.2635679244995 0.414009711704862
3.34000000007291 12.3163661956787 0.413807881909108
3.36000000007334 12.3692407608032 0.413582755432903
3.38000000007378 12.4221887588501 0.413368327656649
3.40000000007421 12.4752063751221 0.413176033383352
3.42000000007465 12.5282936096191 0.412960641995493
3.44000000007509 12.5814485549927 0.412744809952878
3.46000000007552 12.6346654891968 0.412573958188276
3.48000000007596 12.6879482269287 0.41233489107257
3.5000000000764 12.7412900924683 0.412152177964583
3.52000000007683 12.7946929931641 0.41192400619647
3.54000000007727 12.8481502532959 0.411752344857737
3.56000000007771 12.9016628265381 0.411546724549888
3.58000000007814 12.9552297592163 0.411329766751956
3.60000000007858 13.0088481903076 0.411124174138808
3.62000000007902 13.0625143051147 0.410941389848564
3.64000000007945 13.1162300109863 0.410713508684083
3.66000000007989 13.1699905395508 0.410519821168892
3.68000000008033 13.2237920761108 0.41034917089659
3.70000000008076 13.2776365280151 0.410133655206807
3.7200000000812 13.331521987915 0.409918542787744
3.74000000008164 13.3854446411133 0.409726581804532
3.76000000008207 13.4394025802612 0.409535236875854
3.78000000008251 13.4933948516846 0.409333233969118
3.80000000008295 13.5474195480347 0.409131941912142
3.82000000008338 13.6014728546143 0.408954112131624
3.84000000008382 13.6555557250977 0.408743188135713
3.86000000008426 13.709662437439 0.408578508474974
3.88000000008469 13.7637939453125 0.40838091638824
3.90000000008513 13.8179521560669 0.408139020579125
3.92000000008557 13.8721284866333 0.407977486098132
3.940000000086 13.9263229370117 0.40779459669389
3.96000000008644 13.9805345535278 0.407601686938237
3.98000000008687 14.0347623825073 0.40739879072476
4.00000000008731 14.0890045166016 0.407197283766804
4.02000000008775 14.143256187439 0.407031265833964
4.04000000008818 14.1975202560425 0.406810203726929
4.06000000008862 14.2517919540405 0.40662470314333
4.08000000008906 14.3060674667358 0.406463621810218
4.10000000008949 14.3603458404541 0.406293095572777
4.12000000008993 14.4146289825439 0.406079139388438
4.14000000009037 14.4689130783081 0.405889719355983
4.1600000000908 14.523193359375 0.405736338237253
4.18000000009124 14.5774765014648 0.40548310207702
4.20000000009168 14.6317520141602 0.405333873103674
4.22000000009211 14.6860198974609 0.405164342769243
4.24000000009255 14.7402772903442 0.405008538344998
4.26000000009299 14.7945280075073 0.404787194865883
4.28000000009342 14.84876537323 0.404624909232835
4.30000000009386 14.9029922485352 0.404408554862758
4.3200000000943 14.9572019577026 0.404251429065523
4.34000000009473 15.0113954544067 0.404063089622354
4.36000000009517 15.0655670166016 0.403922892478834
4.38000000009561 15.1197204589844 0.403717673896717
4.40000000009604 15.1738557815552 0.403492644924126
4.42000000009648 15.2279653549194 0.403338544105525
4.44000000009692 15.2820453643799 0.403210338729885
4.46000000009735 15.3361024856567 0.402983445667326
4.48000000009779 15.3901281356812 0.402839054016203
4.50000000009823 15.4441242218018 0.402652783455015
4.52000000009866 15.4980869293213 0.402492613128811
4.5400000000991 15.5520172119141 0.402302010101495
4.56000000009954 15.6059103012085 0.402148995022024
4.58000000009997 15.6597661972046 0.401977076820604
4.60000000010041 15.7135820388794 0.401820294002789
4.62000000010084 15.7673587799072 0.401633417209906
4.64000000010128 15.8210935592651 0.401461786712951
4.66000000010172 15.8747854232788 0.401282856792778
4.68000000010215 15.9284286499023 0.401153391460767
4.70000000010259 15.982029914856 0.400926212753667
4.72000000010303 16.0355796813965 0.400793858475122
4.74000000010346 16.0890789031982 0.400631996330671
4.7600000001039 16.1425266265869 0.400463288025331
4.78000000010434 16.1959209442139 0.400299135002583
4.80000000010477 16.2492599487305 0.400139638390051
4.82000000010521 16.3025436401367 0.399962217125418
4.84000000010565 16.3557682037354 0.399812258057135
4.86000000010608 16.4089336395264 0.39964457949117
4.88000000010652 16.4620380401611 0.399481886810825
4.90000000010696 16.5150775909424 0.399346966957627
4.92000000010739 16.5680522918701 0.399194640411923
4.94000000010783 16.6209659576416 0.398979565987192
4.96000000010827 16.6738052368164 0.398905751442522
4.9800000001087 16.7265815734863 0.398678912987333
5.00000000010914 16.7792854309082 0.398548101601233
5.02000000010958 16.831916809082 0.398400334419844
5.04000000011001 16.8844776153564 0.398212956070547
5.06000000011045 16.9369602203369 0.398099327110896
5.08000000011089 16.9893665313721 0.397946386017457
5.10000000011132 17.0416965484619 0.397776763863226
5.12000000011176 17.0939464569092 0.397635855469369
5.1400000001122 17.1461162567139 0.397478487114575
5.16000000011263 17.1982021331787 0.397350055069594
5.18000000011307 17.2502059936523 0.397182704147964
5.2000000001135 17.3021221160889 0.397067116341262
5.22000000011394 17.3539562225342 0.396867470001847
5.24000000011438 17.4056987762451 0.396765017113356
5.26000000011481 17.4573574066162 0.396556050400403
5.28000000011525 17.5089225769043 0.396444424652719
5.30000000011569 17.5603923797607 0.396339847893376
5.32000000011612 17.6117706298828 0.396174388451234
5.34000000011656 17.6630554199219 0.396015968193661
5.360000000117 17.7142448425293 0.395864703468923
5.38000000011743 17.7653331756592 0.395766077179548
5.40000000011787 17.8163242340088 0.395606955666174
5.42000000011831 17.8672122955322 0.395500628800015
5.44000000011874 17.9180011749268 0.395333963646504
5.46000000011918 17.9686889648438 0.395174884972178
5.48000000011962 18.0192699432373 0.395068877853942
5.50000000012005 18.0697460174561 0.394925493721545
5.52000000012049 18.1201152801514 0.394790057434607
5.54000000012093 18.1703777313232 0.394640007500207
5.56000000012136 18.2205257415771 0.394566116165659
5.5800000001218 18.2705688476563 0.39436460401965
5.60000000012224 18.3204975128174 0.394261935905926
5.62000000012267 18.3703117370605 0.394145144905543
5.64000000012311 18.4200115203857 0.394014274506052
5.66000000012355 18.4695987701416 0.393846685280267
5.68000000012398 18.5190658569336 0.393755753731175
5.70000000012442 18.5684185028076 0.393583068451312
5.72000000012486 18.6176452636719 0.393532576660519
5.74000000012529 18.6667537689209 0.393377982048378
5.76000000012573 18.7157421112061 0.393232420791949
5.78000000012617 18.7646064758301 0.393118702301326
5.8000000001266 18.8133487701416 0.392968986610692
5.82000000012704 18.8619613647461 0.392896653846996
5.84000000012747 18.9104480743408 0.392765979141467
5.86000000012791 18.9588088989258 0.392622214493006
5.88000000012835 19.0070400238037 0.392510773567382
5.90000000012878 19.055139541626 0.392409184402622
5.92000000012922 19.1031093597412 0.392272212013375
5.94000000012966 19.1509456634521 0.392167873596294
5.96000000013009 19.1986503601074 0.392028332809523
5.98000000013053 19.2462158203125 0.391966973403976
6.00000000013097 19.2936477661133 0.39182539122011
6.0200000001314 19.3409423828125 0.391716809066759
6.04000000013184 19.3881053924561 0.391528026222187
6.06000000013228 19.4351215362549 0.391508362258836
6.08000000013271 19.4820003509521 0.391363641761673
6.10000000013315 19.5287342071533 0.391297658981183
6.12000000013359 19.5753307342529 0.391129329017467
6.14000000013402 19.6217784881592 0.391085209869177
6.16000000013446 19.6680870056152 0.39091633100867
6.1800000001349 19.7142486572266 0.390826487411222
6.20000000013533 19.7602634429932 0.390725326560662
6.22000000013577 19.8061275482178 0.390658270095475
6.24000000013621 19.8518486022949 0.390489439452739
6.26000000013664 19.8974208831787 0.390377346061283
6.28000000013708 19.9428367614746 0.390344971869959
6.30000000013752 19.9881038665771 0.390211236327623
6.32000000013795 20.0332164764404 0.390134653037483
6.34000000013839 20.0781764984131 0.3900247915491
6.36000000013883 20.1229839324951 0.389904311927173
6.38000000013926 20.1676368713379 0.389795955069831
6.4000000001397 20.2121295928955 0.38974522634817
6.42000000014013 20.2564659118652 0.389639014571394
6.44000000014057 20.3006458282471 0.389522583335084
6.46000000014101 20.3446636199951 0.389464040816423
6.48000000014144 20.3885250091553 0.389327593634678
6.50000000014188 20.4322242736816 0.389249156210926
6.52000000014232 20.4757614135742 0.389160983908634
6.54000000014275 20.5191345214844 0.389085821249896
6.56000000014319 20.5623455047607 0.388978445570834
6.58000000014363 20.6053905487061 0.388906886389572
6.60000000014406 20.6482715606689 0.388803319685728
6.6200000001445 20.6909866333008 0.388713092787486
6.64000000014494 20.7335376739502 0.38859098375576
6.66000000014537 20.7759189605713 0.388527705748202
6.68000000014581 20.8181285858154 0.388478199942182
6.70000000014625 20.8601722717285 0.388351880743524
6.72000000014668 20.9020385742188 0.388352714941468
6.74000000014712 20.9437389373779 0.388209059965526
6.76000000014756 20.9852638244629 0.388170005934101
6.78000000014799 21.0266246795654 0.387986511633207
6.80000000014843 21.0678005218506 0.388043763944857
6.82000000014887 21.1088085174561 0.387889064047039
6.8400000001493 21.1496429443359 0.387793943197375
6.86000000014974 21.1902980804443 0.387758709852287
6.88000000015018 21.2307796478271 0.387647577154173
6.90000000015061 21.2710819244385 0.387596466047243
6.92000000015105 21.311206817627 0.387514955503363
6.94000000015149 21.3511543273926 0.387425715009532
6.96000000015192 21.3909206390381 0.387374177800916
6.98000000015236 21.4305057525635 0.387315208570206
7.0000000001528 21.469913482666 0.387203510343219
7.02000000015323 21.5091342926025 0.38719776926192
7.04000000015367 21.5481777191162 0.387071631375814
7.0600000001541 21.5870323181152 0.387074271985493
7.08000000015454 21.62571144104 0.38691136995449
7.10000000015498 21.6641998291016 0.386922669850667
7.12000000015541 21.7025051116943 0.386836695843953
7.14000000015585 21.740629196167 0.386721242924885
7.16000000015629 21.7785625457764 0.386712396603715
7.18000000015672 21.816312789917 0.386606487294265
7.20000000015716 21.8538722991943 0.386584724560741
7.2200000001576 21.8912448883057 0.38651140672773
7.24000000015803 21.9284267425537 0.386477174816959
7.26000000015847 21.9654216766357 0.386391531315613
7.28000000015891 22.0022258758545 0.386345117245418
7.30000000015934 22.03883934021 0.386292800923025
7.32000000015978 22.0752658843994 0.386189288998215
7.34000000016022 22.1114959716797 0.386193271236917
7.36000000016065 22.1475372314453 0.386101080227329
7.38000000016109 22.1833839416504 0.3860712447933
7.40000000016153 22.2190399169922 0.385990666790303
7.42000000016196 22.2545013427734 0.385949988689648
7.4400000001624 22.2897682189941 0.385904080257572
7.46000000016284 22.3248443603516 0.385807649593441
7.48000000016327 22.3597202301025 0.385819387912766
7.50000000016371 22.3943996429443 0.385780995082801
7.52000000016415 22.4288921356201 0.385624335346099
7.54000000016458 22.4631786346436 0.38568931928615
7.56000000016502 22.4972724914551 0.385591223964424
7.58000000016546 22.5311641693115 0.385601751727717
7.60000000016589 22.5648593902588 0.385539920253341
7.62000000016633 22.5983619689941 0.385428244609349
7.64000000016676 22.6316604614258 0.385448099650778
7.6600000001672 22.6647624969482 0.385373218783701
7.68000000016764 22.6976623535156 0.385362133731136
7.70000000016807 22.7303638458252 0.385301749247724
7.72000000016851 22.7628631591797 0.385282710703948
7.74000000016895 22.7951641082764 0.385214524935746
7.76000000016938 22.8272666931152 0.385142471484133
7.78000000016982 22.8591594696045 0.385202723215928
7.80000000017026 22.8908538818359 0.385123649882112
7.82000000017069 22.9223480224609 0.385063622263628
7.84000000017113 22.9536418914795 0.385000114382387
7.86000000017157 22.9847259521484 0.385046616915267
7.880000000172 23.0156097412109 0.384976784609282
7.90000000017244 23.0462856292725 0.384994435633068
7.92000000017288 23.0767650604248 0.384873143175411
7.94000000017331 23.1070346832275 0.384907374780861
7.96000000017375 23.1371059417725 0.384802898119101
7.98000000017419 23.1669654846191 0.384854181459474
8.00000000017462 23.1966228485107 0.38478967611119
8.02000000017506 23.2260780334473 0.384722469308743
8.0400000001755 23.2553195953369 0.384788735368536
8.06000000017593 23.2843608856201 0.384694162576404
8.08000000017637 23.3131923675537 0.384710456178312
8.10000000017681 23.341817855835 0.384679319665474
8.12000000017724 23.3702392578125 0.384623352563343
8.14000000017768 23.3984546661377 0.384587917420745
8.16000000017812 23.4264583587646 0.384618539178169
8.18000000017855 23.4542579650879 0.384556760384752
8.20000000017899 23.4818458557129 0.384583798577418
8.22000000017943 23.5092296600342 0.384518594224003
8.24000000017986 23.5364055633545 0.384496999031965
8.2600000001803 23.5633716583252 0.384496570755819
8.28000000018073 23.5901298522949 0.384472104126707
8.30000000018117 23.6166725158691 0.384537011887241
8.32000000018161 23.6430149078369 0.384419504295912
8.34000000018204 23.6691436767578 0.384459254509449
8.36000000018248 23.6950664520264 0.384407397476589
8.38000000018292 23.7207794189453 0.38439978562958
8.40000000018335 23.7462825775146 0.384391294532998
8.42000000018379 23.7715740203857 0.38440468682875
8.44000000018423 23.7966594696045 0.384349392143301
8.46000000018466 23.8215312957764 0.384384026657069
8.4800000001851 23.8461952209473 0.384350214477418
8.50000000018554 23.8706512451172 0.384315840850623
8.52000000018597 23.8948955535889 0.384326350608532
8.54000000018641 23.9189300537109 0.384313937125779
8.56000000018685 23.9427528381348 0.384323965125569
8.58000000018728 23.9663677215576 0.384288547149104
8.60000000018772 23.989767074585 0.384343698020292
8.62000000018816 24.01296043396 0.384285676741824
8.64000000018859 24.0359401702881 0.384318303656713
8.66000000018903 24.0587120056152 0.384283202872324
8.68000000018947 24.0812721252441 0.384293625464398
8.7000000001899 24.1036224365234 0.384281764807571
8.72000000019034 24.1257610321045 0.384292985625049
8.74000000019078 24.1476879119873 0.384304766287496
8.76000000019121 24.1694049835205 0.384294504332146
8.78000000019165 24.1909103393555 0.384307564482203
8.80000000019209 24.2122039794922 0.384321425108334
8.82000000019252 24.2332935333252 0.384245435003571
8.84000000019296 24.2541675567627 0.384306177534302
8.8600000001934 24.274829864502 0.384322756284822
8.88000000019383 24.2952842712402 0.384295090040226
8.90000000019427 24.3155250549316 0.384336510709691
8.9200000001947 24.3355579376221 0.384311244481879
8.94000000019514 24.355375289917 0.384377908261999
8.96000000019558 24.3749904632568 0.384287395223276
8.98000000019601 24.3943881988525 0.384379460080666
9.00000000019645 24.4135780334473 0.384359954236459
9.02000000019689 24.4325618743896 0.384319284184794
9.04000000019732 24.4513301849365 0.384393544858225
9.06000000019776 24.4698905944824 0.384379076092875
9.0800000001982 24.4882354736328 0.384457096875253
9.10000000019863 24.5063762664795 0.384401183293315
9.12000000019907 24.5243091583252 0.384392391217112
9.14000000019951 24.542028427124 0.38445364423063
9.16000000019994 24.5595378875732 0.384471851437264
9.18000000020038 24.5768375396729 0.384492296726784
9.20000000020082 24.5939311981201 0.384469693996895
9.22000000020125 24.6108131408691 0.384517374431983
9.24000000020169 24.6274852752686 0.384544929325384
9.26000000020213 24.643949508667 0.384552357570836
9.28000000020256 24.6602077484131 0.384539657337284
9.300000000203 24.6762561798096 0.384574874813083
9.32000000020344 24.6920928955078 0.38463556847754
9.34000000020387 24.7077312469482 0.384540436298189
9.36000000020431 24.7231483459473 0.384719963199338
9.38000000020475 24.7383651733398 0.384653496219266
9.40000000020518 24.7533721923828 0.384703148929133
9.42000000020562 24.7681751251221 0.384687941905421
9.44000000020606 24.7827739715576 0.384675758944818
9.46000000020649 24.7971611022949 0.384757409259054
9.48000000020693 24.8113422393799 0.384774516230702
9.50000000020736 24.8253154754639 0.384817647295977
9.5200000002078 24.8390827178955 0.384841596461228
9.54000000020824 24.8526439666748 0.384869044085341
9.56000000020867 24.866003036499 0.384854702616437
9.58000000020911 24.8791542053223 0.384911901789316
9.60000000020955 24.8921012878418 0.384927548532997
9.62000000020998 24.9048366546631 0.385037656221806
9.64000000021042 24.9173755645752 0.384970433664646
9.66000000021086 24.9297046661377 0.385065552568665
9.68000000021129 24.9418315887451 0.385074146433012
9.70000000021173 24.9537563323975 0.385086700410885
9.72000000021217 24.9654750823975 0.385148657159753
9.7400000002126 24.9769954681396 0.385124159135674
9.76000000021304 24.9883098602295 0.385194421701192
9.78000000021348 24.9994258880615 0.385178383149769
9.80000000021391 25.0103302001953 0.385325307588149
9.82000000021435 25.0210380554199 0.385295597581343
9.84000000021479 25.0315399169922 0.385383559007029
9.86000000021522 25.0418491363525 0.38531747933317
9.88000000021566 25.0519504547119 0.385437109650762
9.9000000002161 25.0618572235107 0.385402931908666
9.92000000021653 25.0715579986572 0.385509332093202
9.94000000021697 25.0810623168945 0.385507361420501
9.96000000021741 25.090368270874 0.385532787865415
9.98000000021784 25.0994663238525 0.38567649929873
10.0000000002183 25.1083736419678 0.385621418083733
10.0200000002187 25.1170845031738 0.385639084175559
10.0400000002192 25.1255893707275 0.385775180557604
10.0600000002196 25.133903503418 0.385735311783098
10.08000000022 25.142017364502 0.385813781555342
10.1000000002205 25.149938583374 0.385806923912122
10.1200000002209 25.1576595306396 0.385895952041605
10.1400000002213 25.1651821136475 0.385967850807075
10.1600000002218 25.1725063323975 0.386045297668248
10.1800000002222 25.1796417236328 0.386014953429875
10.2000000002226 25.1865749359131 0.386148680656037
10.2200000002231 25.1933250427246 0.386061512458315
10.2400000002235 25.1998748779297 0.38618368546237
10.260000000224 25.2062358856201 0.386175759551328
10.2800000002244 25.2124004364014 0.386264150626368
10.3000000002248 25.218376159668 0.386267793356989
10.3200000002253 25.2241535186768 0.386390582396506
10.3400000002257 25.2297401428223 0.386428851057913
10.3600000002261 25.2351360321045 0.38647308014565
10.3800000002266 25.2403430938721 0.386500659224232
10.400000000227 25.2453556060791 0.386602310873613
10.4200000002274 25.2501888275146 0.386528839460864
10.4400000002279 25.2548236846924 0.3866879589142
10.4600000002283 25.2592697143555 0.386740309225386
10.4800000002288 25.2635288238525 0.386776289640639
10.5000000002292 25.2676029205322 0.386795890356184
10.5200000002296 25.2714881896973 0.386867149587659
10.5400000002301 25.2751884460449 0.386899569097455
10.5600000002305 25.2786979675293 0.38700647209724
10.5800000002309 25.2820243835449 0.387029393163433
10.6000000002314 25.2851676940918 0.387058810201306
10.6200000002318 25.288122177124 0.387162841535136
10.6400000002322 25.2908916473389 0.387228386846019
10.6600000002327 25.293478012085 0.387278037686687
10.6800000002331 25.2958850860596 0.38728909988905
10.7000000002336 25.2981071472168 0.387374894490399
10.720000000234 25.3001441955566 0.387467685551708
10.7400000002344 25.3020000457764 0.387522177548383
10.7600000002349 25.3036785125732 0.387538277668837
10.7800000002353 25.30517578125 0.387606623310836
10.8000000002357 25.3064975738525 0.387614030422869
10.8200000002362 25.3076343536377 0.387741786503404
10.8400000002366 25.30859375 0.387786219791888
10.8600000002371 25.3093719482422 0.387883171848682
10.8800000002375 25.3099784851074 0.387874092792808
10.9000000002379 25.3104038238525 0.387985472835746
10.9200000002384 25.3106555938721 0.388013638767359
10.9400000002388 25.3107318878174 0.388071747783688
10.9600000002392 25.3106307983398 0.388159947399077
10.9800000002397 25.3103542327881 0.388233020023194
11.0000000002401 25.3099040985107 0.388290951503513
11.0200000002405 25.3092803955078 0.388356409877447
11.040000000241 25.3084831237793 0.388429461101113
11.0600000002414 25.3075160980225 0.388464805301159
11.0800000002419 25.30637550354 0.38855307697618
11.1000000002423 25.3050651550293 0.388603772090228
11.1200000002427 25.303581237793 0.388707525141897
11.1400000002432 25.3019313812256 0.388728466265773
11.1600000002436 25.3001117706299 0.388802432673461
11.180000000244 25.2981243133545 0.388861601794162
11.2000000002445 25.2959690093994 0.388928639490913
11.2200000002449 25.2936458587646 0.389003609545452
11.2400000002453 25.2911548614502 0.389086575739518
11.2600000002458 25.2884979248047 0.389154918940114
11.2800000002462 25.285680770874 0.389163255541287
11.3000000002467 25.282693862915 0.389292867243164
11.3200000002471 25.2795391082764 0.389408125231053
11.3400000002475 25.2762317657471 0.389350232050123
11.360000000248 25.2727508544922 0.389549574396225
11.3800000002484 25.2691135406494 0.389553449098595
11.4000000002488 25.2653179168701 0.389588017236633
11.4200000002493 25.2613563537598 0.38972146854575
11.4400000002497 25.2572383880615 0.389750043184033
11.4600000002501 25.252950668335 0.38994559139409
11.4800000002506 25.248514175415 0.389900451051295
11.500000000251 25.24391746521 0.389999399072145
11.5200000002515 25.2391719818115 0.389970786363018
11.5400000002519 25.2342586517334 0.39017711109285
11.5600000002523 25.229190826416 0.390233635827264
11.5800000002528 25.2239761352539 0.390207902184605
11.6000000002532 25.218599319458 0.390371837616953
11.6200000002536 25.2130737304688 0.390385906678151
11.6400000002541 25.2073917388916 0.390499112130033
11.6600000002545 25.2015533447266 0.390621105080389
11.680000000255 25.1955718994141 0.390593164559068
11.7000000002554 25.1894302368164 0.390777705727197
11.7200000002558 25.1831455230713 0.390767224503057
11.7400000002563 25.176700592041 0.39096934021037
11.7600000002567 25.1701183319092 0.390908500023219
11.7800000002571 25.163387298584 0.390992078590642
11.8000000002576 25.1565036773682 0.391129885788131
11.820000000258 25.1494750976563 0.391186043777553
11.8400000002584 25.1423053741455 0.391205650138862
11.8600000002589 25.1349830627441 0.391370060157701
11.8800000002593 25.1275234222412 0.39136225601181
11.9000000002598 25.1199169158936 0.391476521110302
11.9200000002602 25.1121673583984 0.391554535026238
11.9400000002606 25.1042747497559 0.391641556281652
11.9600000002611 25.0962390899658 0.391737639235979
11.9800000002615 25.088062286377 0.391820155333923
12.0000000002619 25.0797462463379 0.391889077376691
12.0200000002624 25.0712909698486 0.391967060355434
12.0400000002628 25.0626964569092 0.392054157180002
12.0600000002632 25.0539703369141 0.392059689101313
12.0800000002637 25.0451011657715 0.392210211943641
12.1000000002641 25.0361022949219 0.392211387175499
12.1200000002646 25.0269622802734 0.392357576140265
12.140000000265 25.0176906585693 0.392399805411124
12.1600000002654 25.0082778930664 0.392564549978917
12.1800000002659 24.9987392425537 0.392557389753929
12.2000000002663 24.9890632629395 0.392695286711249
12.2200000002667 24.9792633056641 0.392683900145014
12.2400000002672 24.9693260192871 0.392840272138956
12.2600000002676 24.9592590332031 0.392915508650112
12.280000000268 24.9490642547607 0.39297738437483
12.3000000002685 24.9387397766113 0.393071232870239
12.3200000002689 24.9282875061035 0.393151818426195
12.3400000002694 24.9177093505859 0.39321910877036
12.3600000002698 24.9069976806641 0.393386485479269
12.3800000002702 24.896167755127 0.393382127645336
12.4000000002707 24.8852062225342 0.393545677259214
12.4200000002711 24.8741302490234 0.393514823529896
12.4400000002715 24.8629245758057 0.393674491994483
12.460000000272 24.8516025543213 0.393685134885342
12.4800000002724 24.8401565551758 0.393795742642839
12.5000000002728 24.8285846710205 0.393938636968022
12.5200000002733 24.8168964385986 0.393977849042232
12.5400000002737 24.8050937652588 0.394003750569567
12.5600000002742 24.7931652069092 0.394175084607276
12.5800000002746 24.7811241149902 0.394197506100737
12.600000000275 24.7689647674561 0.394297321125997
12.6200000002755 24.7566909790039 0.394361402546826
12.6400000002759 24.7442989349365 0.394480363842838
12.6600000002763 24.7317962646484 0.394518314129635
12.6800000002768 24.7191696166992 0.394724484173509
12.7000000002772 24.7064399719238 0.394691194454816
12.7200000002777 24.6935958862305 0.39480320449503
12.7400000002781 24.6806354522705 0.394947628208645
12.7600000002785 24.667573928833 0.394920444408837
12.780000000279 24.6543960571289 0.39508397147786
12.8000000002794 24.6411094665527 0.395166705318736
12.8200000002798 24.627721786499 0.395168363910895
12.8400000002803 24.614221572876 0.395315491481934
12.8600000002807 24.6006145477295 0.395404469562618
12.8800000002811 24.5869045257568 0.395457779155754
12.9000000002816 24.5730857849121 0.395588712306933
12.920000000282 24.5591640472412 0.395661455341231
12.9400000002825 24.5451393127441 0.395743853641338
12.9600000002829 24.5310153961182 0.39579058051658
12.9800000002833 24.516788482666 0.395892243648229
13.0000000002838 24.5024566650391 0.396026360927217
13.0200000002842 24.4880294799805 0.396056955562165
13.0400000002846 24.4735012054443 0.396165122943389
13.0600000002851 24.4588737487793 0.396260412326261
13.0800000002855 24.444149017334 0.396342780566555
13.1000000002859 24.4293327331543 0.396366817965787
13.1200000002864 24.4144172668457 0.396491097216823
13.1400000002868 24.3994045257568 0.396602564768946
13.1600000002873 24.3842964172363 0.396701176753138
13.1800000002877 24.3691005706787 0.396718839831388
13.2000000002881 24.3538036346436 0.396904776072475
13.2200000002886 24.3384227752686 0.396896663088714
13.240000000289 24.3229503631592 0.396988683161591
13.2600000002894 24.3073844909668 0.397113145670687
13.2800000002899 24.2917327880859 0.3971567523906
13.3000000002903 24.2759857177734 0.397323358835852
13.3200000002907 24.2601585388184 0.397318527521709
13.3400000002912 24.2442398071289 0.397459203028242
13.3600000002916 24.2282371520996 0.397519075998766
13.3800000002921 24.2121486663818 0.397611269564078
13.4000000002925 24.195972442627 0.397735897173273
13.4200000002929 24.1797218322754 0.397711609682375
13.4400000002934 24.1633796691895 0.397900796159977
13.4600000002938 24.1469554901123 0.397986658090769
13.4800000002942 24.1304512023926 0.398059554132584
13.5000000002947 24.1138687133789 0.398119433893272
13.5200000002951 24.0972118377686 0.398143563341156
13.5400000002955 24.0804710388184 0.398290589479406
13.560000000296 24.063648223877 0.398424850877666
13.5800000002964 24.0467548370361 0.398432883294912
13.6000000002969 24.0297813415527 0.398563740609921
13.6200000002973 24.0127353668213 0.398613711198553
13.6400000002977 23.9956130981445 0.398718596757582
13.6600000002982 23.9784126281738 0.398855905030845
13.6800000002986 23.9611473083496 0.3988442832504
13.700000000299 23.9438056945801 0.39897806811668
13.7200000002995 23.9263935089111 0.399053627389395
13.7400000002999 23.9089088439941 0.399161477044496
13.7600000003004 23.8913555145264 0.39923367671333
13.7800000003008 23.8737316131592 0.399338139565757
13.8000000003012 23.8560447692871 0.399361558678868
13.8200000003017 23.8382892608643 0.399462415040208
13.8400000003021 23.820463180542 0.399595611413144
13.8600000003025 23.8025760650635 0.399625157960033
13.880000000303 23.7846183776855 0.399777502854392
13.9000000003034 23.7665977478027 0.399848930848119
13.9200000003038 23.7485179901123 0.399884508355092
13.9400000003043 23.7303733825684 0.399997510750674
13.9600000003047 23.7121696472168 0.400052107689715
13.9800000003052 23.693904876709 0.400138810799409
14.0000000003056 23.6755809783936 0.400212358277086
14.020000000306 23.6571922302246 0.400363423416809
14.0400000003065 23.6387462615967 0.400433492958695
14.0600000003069 23.620246887207 0.400467631142245
14.0800000003073 23.6016864776611 0.400601794083179
14.1000000003078 23.5830745697021 0.400632182075995
14.1200000003082 23.5643997192383 0.400807922584982
14.1400000003086 23.5456771850586 0.400811963722636
14.1600000003091 23.5268993377686 0.400915871918087
14.1800000003095 23.5080718994141 0.400961211120926
14.20000000031 23.489185333252 0.401129220993319
14.2200000003104 23.4702548980713 0.401125450279472
14.2400000003108 23.4512710571289 0.401244146873668
14.2600000003113 23.4322338104248 0.401372320663604
14.2800000003117 23.4131546020508 0.401373894455069
14.3000000003121 23.3940238952637 0.401497911254954
14.3200000003126 23.3748455047607 0.401586014396698
14.340000000313 23.3556232452393 0.401638060333244
14.3600000003134 23.3363513946533 0.401767318641614
14.3800000003139 23.3170356750488 0.401837953178318
14.4000000003143 23.2976760864258 0.401917786857479
14.4200000003148 23.2782783508301 0.401938787605122
14.4400000003152 23.2588329315186 0.402082190734661
14.4600000003156 23.239351272583 0.402098906471013
14.4800000003161 23.2198257446289 0.402215292731962
14.5000000003165 23.2002544403076 0.402363640777272
14.5200000003169 23.1806468963623 0.402407951347
14.5400000003174 23.1610050201416 0.402438565703959
14.5600000003178 23.1413230895996 0.402546147719914
14.5800000003183 23.1216011047363 0.402662906371611
14.6000000003187 23.1018466949463 0.402698125220759
14.6200000003191 23.0820503234863 0.402855639487691
14.6400000003196 23.0622272491455 0.402840991393481
14.66000000032 23.0423698425293 0.402925739394546
14.6800000003204 23.0224800109863 0.402996805297222
14.7000000003209 23.0025539398193 0.403122169333748
14.7200000003213 22.9825973510742 0.403188592368383
14.7400000003217 22.9626083374023 0.403286575156436
14.7600000003222 22.9425926208496 0.40332547919388
14.7800000003226 22.9225387573242 0.403509218360106
14.8000000003231 22.9024620056152 0.403520731345306
14.8200000003235 22.8823585510254 0.403586209326842
14.8400000003239 22.862232208252 0.403615092459747
14.8600000003244 22.8420734405518 0.403766008177794
14.8800000003248 22.8218898773193 0.403835226737029
14.9000000003252 22.8016796112061 0.403935848799682
14.9200000003257 22.7814521789551 0.403931867857882
14.9400000003261 22.7611961364746 0.404072398329653
14.9600000003265 22.7409172058105 0.404153789854893
14.980000000327 22.7206211090088 0.404175808630806
15.0000000003274 22.7002983093262 0.404319681998086
15.0200000003279 22.6799583435059 0.40435899512367
15.0400000003283 22.659595489502 0.404474813681382
15.0600000003287 22.639217376709 0.404508608465902
15.0800000003292 22.6188182830811 0.404618842344964
15.1000000003296 22.5984020233154 0.404692351217924
15.12000000033 22.577974319458 0.40470629702631
15.1400000003305 22.5575275421143 0.404819222021706
15.1600000003309 22.5370616912842 0.404940725126844
15.1800000003313 22.5165882110596 0.404934716101247
15.2000000003318 22.4960956573486 0.405072907820277
15.2200000003322 22.4755935668945 0.4051062804704
15.2400000003327 22.4550762176514 0.405215896826272
15.2600000003331 22.4345512390137 0.405243224783403
15.2800000003335 22.4140090942383 0.405392090139824
15.300000000334 22.393461227417 0.405413391523775
15.3200000003344 22.3729057312012 0.405465426512156
15.3400000003348 22.3523368835449 0.405593644667041
15.3600000003353 22.3317623138428 0.405639513159146
15.3800000003357 22.3111801147461 0.405716125402777
15.4000000003361 22.2905902862549 0.405800882215806
15.4200000003366 22.2699966430664 0.405848420667934
15.440000000337 22.249397277832 0.405926629286078
15.4600000003375 22.228796005249 0.40596754233385
15.4800000003379 22.2081871032715 0.406084413442838
15.5000000003383 22.1875743865967 0.406164073438852
15.5200000003388 22.1669578552246 0.406251727934072
15.5400000003392 22.1463432312012 0.406279329633884
15.5600000003396 22.1257286071777 0.406337366972123
15.5800000003401 22.105110168457 0.406448603696958
15.6000000003405 22.084493637085 0.406499788351177
15.620000000341 22.0638751983643 0.40660409228335
15.6400000003414 22.0432643890381 0.406602897482004
15.6600000003418 22.0226516723633 0.406722626028129
15.6800000003423 22.0020408630371 0.40680490241056
15.7000000003427 21.9814357757568 0.406849564237632
15.7200000003431 21.9608364105225 0.406901813497566
15.7400000003436 21.9402370452881 0.407029696760184
15.760000000344 21.9196491241455 0.407029310293191
15.7800000003444 21.8990612030029 0.407172359724023
15.8000000003449 21.8784866333008 0.407164452161755
15.8200000003453 21.8579177856445 0.407254528760862
15.8400000003458 21.8373584747314 0.407306813192307
15.8600000003462 21.8168048858643 0.40741187182419
15.8800000003466 21.7962608337402 0.407479132490071
15.9000000003471 21.775728225708 0.407531112813851
15.9200000003475 21.7552089691162 0.407567727613339
15.9400000003479 21.7346973419189 0.407679622640487
15.9600000003484 21.7141990661621 0.40773094000803
15.9800000003488 21.6937122344971 0.407812163801049
16.0000000003492 21.6732406616211 0.407855321760023
16.0200000003497 21.6527824401855 0.407928295163944
16.0400000003501 21.6323375701904 0.408008476857965
16.0600000003506 21.6119155883789 0.407982447194871
16.080000000351 21.5914993286133 0.408167354116246
16.1000000003514 21.5711040496826 0.40817831339816
16.1200000003519 21.5507259368896 0.408241499547749
16.1400000003523 21.5303649902344 0.408311701879283
16.1600000003527 21.5100231170654 0.408366230954898
16.1800000003532 21.4896984100342 0.408450364522701
16.2000000003536 21.4693965911865 0.408473445234059
16.220000000354 21.4491100311279 0.408594002294293
16.2400000003545 21.4288463592529 0.408630889920935
16.2600000003549 21.4086112976074 0.408606458997468
16.2800000003554 21.3883895874023 0.408769968213769
16.3000000003558 21.3681907653809 0.408827181272235
16.3200000003562 21.3480167388916 0.408868416967116
16.3400000003567 21.3278636932373 0.408961633786873
16.3600000003571 21.3077411651611 0.408948205022527
16.3800000003575 21.2876415252686 0.409031861142823
16.400000000358 21.2675647735596 0.409122185125057
16.4200000003584 21.2475185394287 0.409128436612786
16.4400000003589 21.2274913787842 0.409277109822925
16.4600000003593 21.2074966430664 0.409273804616625
16.4800000003597 21.1875286102295 0.409344771985701
16.5000000003602 21.1675891876221 0.409399512624432
16.5200000003606 21.1476745605469 0.409505983571694
16.540000000361 21.1277980804443 0.409460190839456
16.5600000003615 21.1079483032227 0.409556431989356
16.5800000003619 21.0881290435791 0.409613718557043
16.6000000003623 21.0683364868164 0.4097226089379
16.6200000003628 21.0485782623291 0.409747157163303
16.6400000003632 21.0288524627686 0.409800441426914
16.6600000003637 21.009162902832 0.409814481496495
16.6800000003641 20.9894962310791 0.40999324816672
16.7000000003645 20.9698753356934 0.40990632319419
16.720000000365 20.9502830505371 0.410029060392065
16.7400000003654 20.9307270050049 0.410067298497841
16.7600000003658 20.9112071990967 0.410111432065653
16.7800000003663 20.8917217254639 0.410184130239177
16.8000000003667 20.8722743988037 0.410217412061384
16.8200000003671 20.8528575897217 0.410347198857955
16.8400000003676 20.8334865570068 0.410301607389149
16.860000000368 20.8141460418701 0.4104429002282
16.8800000003685 20.7948455810547 0.410476834554376
16.9000000003689 20.7755870819092 0.410493722638792
16.9200000003693 20.7563667297363 0.410561516446779
16.9400000003698 20.737190246582 0.41056694857569
16.9600000003702 20.7180519104004 0.410645857343394
16.9800000003706 20.69895362854 0.410707739095413
17.0000000003711 20.6798973083496 0.410752497777669
17.0200000003715 20.6608810424805 0.41082540244076
17.0400000003719 20.6419086456299 0.410858469953278
17.0600000003724 20.6229801177979 0.410896887807594
17.0800000003728 20.6040935516357 0.410963322248212
17.1000000003733 20.5852508544922 0.411012472333668
17.1200000003737 20.5664577484131 0.410998874730832
17.1400000003741 20.5477046966553 0.411103731412661
17.1600000003746 20.5289974212646 0.411145968007823
17.180000000375 20.5103340148926 0.411216056279925
17.2000000003754 20.4917182922363 0.411246011647975
17.2200000003759 20.4731502532959 0.411281020154758
17.2400000003763 20.4546279907227 0.411343746595196
17.2600000003767 20.4361534118652 0.411388888578237
17.2800000003772 20.4177284240723 0.411416347150634
17.3000000003776 20.3993511199951 0.411471388463814
17.3200000003781 20.3810234069824 0.411508709401934
17.3400000003785 20.3627414703369 0.411596259031154
17.3600000003789 20.3445148468018 0.411575401220192
17.3800000003794 20.3263359069824 0.41164985701549
17.4000000003798 20.3082065582275 0.411706517057309
17.4200000003802 20.2901287078857 0.41174528166761
17.4400000003807 20.2721004486084 0.411811416273029
17.4600000003811 20.2541275024414 0.411814251203461
17.4800000003816 20.2362041473389 0.41188962042802
17.500000000382 20.2183380126953 0.411878967199273
17.5200000003824 20.2005214691162 0.411963409757573
17.5400000003829 20.1827583312988 0.412007155103655
17.5600000003833 20.1650524139404 0.412010021276459
17.5800000003837 20.1473979949951 0.412085239439007
17.6000000003842 20.1297969818115 0.412142300863275
17.6200000003846 20.1122550964355 0.412135738592172
17.640000000385 20.0947666168213 0.412201385145224
17.6600000003855 20.077335357666 0.412226048154882
17.6800000003859 20.0599555969238 0.412322958784167
17.7000000003864 20.0426387786865 0.412288193731388
17.7200000003868 20.0253753662109 0.412370756139849
17.7400000003872 20.008171081543 0.412389566564668
17.7600000003877 19.991024017334 0.412435091695909
17.7800000003881 19.973934173584 0.412484707708497
17.8000000003885 19.956901550293 0.412538392858659
17.820000000389 19.9399318695068 0.412528076658419
17.8400000003894 19.9230194091797 0.412589590177722
17.8600000003898 19.9061698913574 0.412587056684697
17.8800000003903 19.8893775939941 0.412656307249288
17.9000000003907 19.8726482391357 0.412661465139625
17.9200000003912 19.8559741973877 0.412761044340385
17.9400000003916 19.8393669128418 0.412728518018993
17.960000000392 19.8228168487549 0.412812887869167
17.9800000003925 19.8063316345215 0.41281039008171
18.0000000003929 19.7899036407471 0.412902139997804
18.0200000003933 19.7735424041748 0.412884292974812
18.0400000003938 19.7572422027588 0.412937882795692
18.0600000003942 19.7410049438477 0.412972397108455
18.0800000003946 19.7248287200928 0.41303309699098
18.1000000003951 19.7087230682373 0.412983942594944
18.1200000003955 19.6926746368408 0.413096697912649
18.140000000396 19.6766948699951 0.413077029142833
18.1600000003964 19.6607780456543 0.413128571424956
18.1800000003968 19.6449279785156 0.413138128767506
18.2000000003973 19.6291408538818 0.413196245794808
18.2200000003977 19.6134185791016 0.413235011511381
18.2400000003981 19.5977649688721 0.413231637526111
18.2600000003986 19.5821743011475 0.413299350653267
18.280000000399 19.5666522979736 0.413302271986602
18.3000000003995 19.5511951446533 0.413353547506947
18.3200000003999 19.5358085632324 0.413339899664562
18.3400000004003 19.5204887390137 0.413374473715486
18.3600000004008 19.5052356719971 0.413412040129387
18.3800000004012 19.4900493621826 0.413452573538527
18.4000000004016 19.4749317169189 0.413473365660437
18.4200000004021 19.4598808288574 0.413519675398617
18.4400000004025 19.4449024200439 0.413500826559835
18.4600000004029 19.429988861084 0.413575329504802
18.4800000004034 19.4151458740234 0.413584702521183
18.5000000004038 19.4003734588623 0.41359672503555
18.5200000004043 19.3856658935547 0.41367941897478
18.5400000004047 19.3710346221924 0.413628855963636
18.5600000004051 19.3564682006836 0.413716716986607
18.5800000004056 19.3419780731201 0.41367126742456
18.600000000406 19.3275527954102 0.413764188261984
18.6200000004064 19.3131999969482 0.413769110709213
18.6400000004069 19.2989177703857 0.413799098464059
18.6600000004073 19.2847099304199 0.413786156798435
18.6800000004077 19.2705745697021 0.413798144522764
18.7000000004082 19.2565078735352 0.4138577978431
18.7200000004086 19.2425136566162 0.413874520674852
18.7400000004091 19.2285900115967 0.413916172553233
18.7600000004095 19.2147426605225 0.413892075835425
18.7800000004099 19.200963973999 0.413960739432556
18.8000000004104 19.1872615814209 0.413940997267971
18.8200000004108 19.1736297607422 0.413991277419363
18.8400000004112 19.1600742340088 0.413975698081316
18.8600000004117 19.1465892791748 0.414030085250226
18.8800000004121 19.1331787109375 0.414041240035408
18.9000000004125 19.1198425292969 0.414054338332554
18.920000000413 19.1065807342529 0.414069351874756
18.9400000004134 19.093391418457 0.414108935309841
18.9600000004139 19.0802803039551 0.414082410270196
18.9800000004143 19.0672397613525 0.414148284942158
19.0000000004147 19.0542736053467 0.414170758353745
19.0200000004152 19.0413856506348 0.414149640571181
19.0400000004156 19.0285720825195 0.414175471870036
19.060000000416 19.015832901001 0.414203019820808
19.0800000004165 19.0031681060791 0.41423225615659
19.1000000004169 18.9905796051025 0.414240469695742
19.1200000004173 18.9780673980713 0.414250233527862
19.1400000004178 18.9656295776367 0.414284201575986
19.1600000004182 18.9532699584961 0.41427437766244
19.1800000004187 18.9409847259521 0.414311302062798
19.2000000004191 18.9287776947021 0.414304376518088
19.2200000004195 18.9166469573975 0.41432145838915
19.24000000042 18.9045925140381 0.414339916602985
19.2600000004204 18.8926162719727 0.41433703925316
19.2800000004208 18.8807163238525 0.414358081619217
19.3000000004213 18.8688945770264 0.414357729713424
19.3200000004217 18.8571472167969 0.414403921730054
19.3400000004222 18.8454780578613 0.414406059410138
19.3600000004226 18.8338832855225 0.414454683029246
19.380000000423 18.8223724365234 0.41439114558421
19.4000000004235 18.8109340667725 0.41446452307905
19.4200000004239 18.7995777130127 0.414425760910197
19.4400000004243 18.7882976531982 0.414455887062266
19.4600000004248 18.7770938873291 0.414487066299661
19.4800000004252 18.7659702301025 0.414473903801218
19.5000000004256 18.7549228668213 0.414506939117715
19.5200000004261 18.7439556121826 0.41449557326539
19.5400000004265 18.7330684661865 0.414484979965556
19.560000000427 18.7222576141357 0.414520494606394
19.5800000004274 18.7115230560303 0.41455688403361
19.6000000004278 18.700870513916 0.414526070511303
19.6200000004283 18.6902980804443 0.414518512032026
19.6400000004287 18.6798000335693 0.414579624817395
19.6600000004291 18.6693820953369 0.41457352561241
19.6800000004296 18.6590461730957 0.414545307304947
19.70000000043 18.6487865447998 0.414585589554429
19.7200000004304 18.6386070251465 0.414581171295794
19.7400000004309 18.6285057067871 0.414599909165088
19.7600000004313 18.6184825897217 0.414619171364521
19.7800000004318 18.6085414886475 0.414593562348136
19.8000000004322 18.5986804962158 0.414590938027184
19.8200000004326 18.5888977050781 0.414611348793818
19.8400000004331 18.579195022583 0.414609479935513
19.8600000004335 18.5695724487305 0.414607903092284
19.8800000004339 18.5600280761719 0.414629270737579
19.9000000004344 18.5505657196045 0.414605585244143
19.9200000004348 18.5411815643311 0.414627385437962
19.9400000004352 18.5318756103516 0.414649437439948
19.9600000004357 18.5226497650146 0.414649028618875
19.9800000004361 18.5135040283203 0.414648730614758
20.0000000004366 18.5044384002686 0.414648512986312
20.020000000437 18.4954528808594 0.414648345292253
20.0400000004374 18.4865474700928 0.414648197091298
20.0600000004379 18.4777240753174 0.414625355027428
20.0800000004383 18.4689807891846 0.414625072930598
20.1000000004387 18.4603137969971 0.414670084107694
20.1200000004392 18.4517269134521 0.414669789574951
20.1400000004396 18.4432239532471 0.414623997224217
20.1600000004401 18.4347972869873 0.414668610986152
20.1800000004405 18.4264545440674 0.414622461884929
20.2000000004409 18.4181861877441 0.414689340928541
20.2200000004414 18.4099998474121 0.414665477784654
20.2400000004418 18.4018936157227 0.41466393252712
20.2600000004422 18.3938655853271 0.414684755548088
20.2800000004427 18.3859233856201 0.414614583390836
20.3000000004431 18.3780574798584 0.414657206338562
20.3200000004435 18.3702754974365 0.414608853334142
20.340000000444 18.3625679016113 0.414673315385566
20.3600000004444 18.354944229126 0.41462413924577
20.3800000004449 18.3473987579346 0.414642352174576
20.4000000004453 18.3399333953857 0.414637435296864
20.4200000004457 18.3325481414795 0.414631960252648
20.4400000004462 18.3252410888672 0.414648579515378
20.4600000004466 18.3180141448975 0.414641978372529
20.480000000447 18.3108673095703 0.414634728464116
20.5000000004475 18.3038024902344 0.414604116434122
20.5200000004479 18.296817779541 0.414595396112502
20.5400000004483 18.2899112701416 0.414608617891406
20.5600000004488 18.2830848693848 0.414598467058311
20.5800000004492 18.2763366699219 0.414610198167965
20.6000000004497 18.2696723937988 0.414553130678377
20.6200000004501 18.2630825042725 0.41460845351624
20.6400000004505 18.2565727233887 0.414595079263956
20.660000000451 18.2501411437988 0.414603466638869
20.6800000004514 18.2437934875488 0.414542935098988
20.7000000004518 18.2375240325928 0.41454930774154
20.7200000004523 18.2313346862793 0.414532065691404
20.7400000004527 18.2252197265625 0.414581829332796
20.7600000004531 18.2191867828369 0.414540032495979
20.7800000004536 18.2132320404053 0.414542418169537
20.800000000454 18.2073554992676 0.414543752474381
20.8200000004545 18.2015590667725 0.414521322779287
20.8400000004549 18.1958427429199 0.41449770072427
20.8600000004553 18.1902046203613 0.414495538782776
20.8800000004558 18.1846466064453 0.414469522242285
20.9000000004562 18.1791667938232 0.414464905657542
20.9200000004566 18.1737651824951 0.414459057230759
20.9400000004571 18.1684398651123 0.414474630160176
20.9600000004575 18.1631908416748 0.414488993372796
20.9800000004579 18.1580257415771 0.414411386217987
21.0000000004584 18.1529350280762 0.41444559970374
21.0200000004588 18.1479225158691 0.414433229327188
21.0400000004593 18.1429901123047 0.414396766619705
21.0600000004597 18.1381359100342 0.414381466136037
21.0800000004601 18.1333599090576 0.414364696078394
21.1000000004606 18.1286563873291 0.414414475474486
21.120000000461 18.1240348815918 0.414349555964635
21.1400000004614 18.1194896697998 0.414350965533457
21.1600000004619 18.1150207519531 0.414350868945357
21.1800000004623 18.110631942749 0.414303871379171
21.2000000004628 18.106315612793 0.414345878215143
21.2200000004632 18.1020793914795 0.414295721927032
21.2400000004636 18.09792137146 0.414266463313482
21.2600000004641 18.0938377380371 0.414280836406168
21.2800000004645 18.0898303985596 0.414270925860855
21.3000000004649 18.0859031677246 0.414213938937673
21.3200000004654 18.0820484161377 0.414245781016871
21.3400000004658 18.0782680511475 0.414253333316405
21.3600000004662 18.0745658874512 0.414213803821202
21.3800000004667 18.0709381103516 0.414217732806833
21.4000000004671 18.0673885345459 0.414174522014328
21.4200000004676 18.0639171600342 0.414129345889792
21.440000000468 18.0605201721191 0.414127540546199
21.4600000004684 18.0571956634521 0.41414655646878
21.4800000004689 18.0539493560791 0.414095715289923
21.5000000004693 18.0507755279541 0.414110842281229
21.5200000004697 18.0476760864258 0.414101420741958
21.5400000004702 18.0446529388428 0.414067341571767
21.5600000004706 18.0417060852051 0.414031177860255
21.580000000471 18.0388336181641 0.414015583530457
21.6000000004715 18.0360317230225 0.414043294063633
21.6200000004719 18.0333080291748 0.413978346820933
21.6400000004724 18.0306587219238 0.413956486240524
21.6600000004728 18.0280799865723 0.413977845722371
21.6800000004732 18.025577545166 0.413929145542353
21.7000000004737 18.0231437683105 0.413968894611601
21.7200000004741 18.020788192749 0.413893243938725
21.7400000004745 18.0185031890869 0.413905905872659
21.760000000475 18.0162944793701 0.413848396526686
21.7800000004754 18.0141544342041 0.413879224811938
21.8000000004758 18.0120887756348 0.41383990756649
21.8200000004763 18.0100975036621 0.413798222767332
21.8400000004767 18.0081768035889 0.413799507977022
21.8600000004772 18.0063304901123 0.413753166386177
21.8800000004776 18.0045528411865 0.413772422634685
21.900000000478 18.0028457641602 0.41376676147139
21.9200000004785 18.0012111663818 0.413736075245534
21.9400000004789 17.9996490478516 0.413702938496302
21.9600000004793 17.9981594085693 0.413667323681579
21.9800000004798 17.9967403411865 0.413651886173984
22.0000000004802 17.9953899383545 0.413656679989632
22.0200000004807 17.9941139221191 0.413591028210493
22.0400000004811 17.9929065704346 0.413590757557756
22.0600000004815 17.9917678833008 0.413588035694997
22.080000000482 17.9906997680664 0.413560153614954
22.1000000004824 17.9897041320801 0.41350700366687
22.1200000004828 17.9887752532959 0.413519209134128
22.1400000004833 17.9879169464111 0.41348357257563
22.1600000004837 17.9871273040771 0.413467954251385
22.1800000004841 17.9864063262939 0.413449725987564
22.2000000004846 17.9857559204102 0.413406178776906
22.220000000485 17.9851722717285 0.413405253712853
22.2400000004855 17.984655380249 0.413401721265072
22.2600000004859 17.9842071533203 0.413372873151093
22.2800000004863 17.983829498291 0.413318602444951
22.3000000004868 17.9835166931152 0.413329533154823
22.3200000004872 17.9832744598389 0.41326978564967
22.3400000004876 17.983097076416 0.413275188100265
22.3600000004881 17.9829883575439 0.413232543790302
22.3800000004885 17.9829483032227 0.413187030789848
22.4000000004889 17.9829730987549 0.413183988835841
22.4200000004894 17.9830627441406 0.41317818912274
22.4400000004898 17.9832210540771 0.413124241178133
22.4600000004903 17.9834423065186 0.413135371816289
22.4800000004907 17.9837322235107 0.41307570213096
22.5000000004911 17.9840831756592 0.413103743932445
22.5200000004916 17.9845027923584 0.413038334043258
22.540000000492 17.9849872589111 0.41301522052553
22.5600000004924 17.9855365753174 0.41298917457372
22.5800000004929 17.9861507415771 0.412960171544884
22.6000000004933 17.9868278503418 0.412950869710811
22.6200000004937 17.9875659942627 0.412961325986783
22.6400000004942 17.9883708953857 0.412900866353944
22.6600000004946 17.9892406463623 0.412859954603184
22.6800000004951 17.9901752471924 0.412815964010261
22.7000000004955 17.9911689758301 0.41283691867643
22.7200000004959 17.9922275543213 0.412786941145031
22.7400000004964 17.993350982666 0.412733813017012
22.7600000004968 17.9945316314697 0.412768241308364
22.7800000004972 17.995777130127 0.412709064291186
22.8000000004977 17.9970836639404 0.412692031477192
22.8200000004981 17.9984550476074 0.412626549680961
22.8400000004985 17.9998836517334 0.412648530081078
22.860000000499 18.0013732910156 0.412622176779108
22.8800000004994 18.0029258728027 0.412569987829556
22.9000000004999 18.0045375823975 0.412559907225035
22.9200000005003 18.0062122344971 0.412501342504914
22.9400000005007 18.0079402923584 0.412552888487305
22.9600000005012 18.0097332000732 0.412465416983127
22.9800000005016 18.011589050293 0.412397198751959
23.000000000502 18.0134983062744 0.412439022368017
23.0200000005025 18.0154705047607 0.412364442556953
23.0400000005029 18.0174980163574 0.412377177466042
23.0600000005034 18.0195827484131 0.412364114836373
23.0800000005038 18.0217304229736 0.412279786261272
23.1000000005042 18.0239334106445 0.412282705725414
23.1200000005047 18.0261974334717 0.412214395140424
23.1400000005051 18.0285148620605 0.412233369215771
23.1600000005055 18.0308895111084 0.412203833502607
23.180000000506 18.0333232879639 0.412148287505019
23.2000000005064 18.0358123779297 0.412134676665205
23.2200000005068 18.0383586883545 0.412095092886855
23.2400000005073 18.040958404541 0.412097482336958
23.2600000005077 18.0436172485352 0.412028571814529
23.2800000005082 18.046329498291 0.412024193839095
23.3000000005086 18.0490989685059 0.411971156043106
23.320000000509 18.0519218444824 0.41196000667485
23.3400000005095 18.0548000335693 0.411922838362807
23.3600000005099 18.057731628418 0.411904915084029
23.3800000005103 18.060718536377 0.411860931548292
23.4000000005108 18.0637588500977 0.411836151732649
23.4200000005112 18.0668525695801 0.411807953261609
23.4400000005116 18.0699977874756 0.411798998755718
23.4600000005121 18.0731964111328 0.411763983649547
23.4800000005125 18.076452255249 0.411680123900737
23.500000000513 18.0797538757324 0.411728699416512
23.5200000005134 18.0831108093262 0.411660665740395
23.5400000005138 18.0865211486816 0.411611695174628
23.5600000005143 18.0899791717529 0.411627214087926
23.5800000005147 18.0934925079346 0.411548666457646
23.6000000005151 18.0970516204834 0.411579854163667
23.6200000005156 18.1006660461426 0.411494334830811
23.640000000516 18.1043300628662 0.411473146590789
23.6600000005164 18.1080436706543 0.411448464355099
23.6800000005169 18.1118068695068 0.411420269279139
23.7000000005173 18.1156196594238 0.411388542518303
23.7200000005178 18.1194801330566 0.411375948142721
23.7400000005182 18.1233921051025 0.411314500121815
23.7600000005186 18.1273555755615 0.411249383048784
23.7800000005191 18.1313610076904 0.4112939919279
23.8000000005195 18.1354179382324 0.411221885833569
23.8200000005199 18.139518737793 0.411236787261818
23.8400000005204 18.143669128418 0.411180222473028
23.8600000005208 18.1478691101074 0.411119978866489
23.8800000005213 18.1521129608154 0.411124086341796
23.9000000005217 18.1564044952393 0.411079356155361
23.9200000005221 18.1607418060303 0.411053657264702
23.9400000005226 18.1651287078857 0.410979004364035
23.960000000523 18.1695556640625 0.411013997345017
23.9800000005234 18.1740303039551 0.410954878921583
24.0000000005239 18.1785507202148 0.410914722213846
24.0200000005243 18.1831169128418 0.410870907745489
24.0400000005247 18.1877269744873 0.410846101036226
24.0600000005252 18.1923809051514 0.410817683334531
24.0800000005256 18.197078704834 0.410785637970177
24.1000000005261 18.2018184661865 0.410772631187671
24.1200000005265 18.2066020965576 0.410733362045547
24.1400000005269 18.2114276885986 0.410713098869608
24.1600000005274 18.2162990570068 0.410643857803656
24.1800000005278 18.2212085723877 0.4106615572742
24.2000000005282 18.2261638641357 0.410585042801266
24.2200000005287 18.2311553955078 0.410618119888692
24.2400000005291 18.2361965179443 0.410488983955797
24.2600000005295 18.2412738800049 0.410514611130198
24.28000000053 18.2463893890381 0.410514090157017
24.3000000005304 18.2515525817871 0.410396594048035
24.3200000005309 18.2567501068115 0.410433895493066
24.3400000005313 18.2619876861572 0.410399718132556
24.3600000005317 18.2672653198242 0.410361852989759
24.3800000005322 18.2725830078125 0.410320284844031
24.4000000005326 18.2779407501221 0.410274998474732
24.420000000533 18.2833404541016 0.410203295746486
24.4400000005335 18.2887744903564 0.41021849445409
24.4600000005339 18.2942447662354 0.410207490311352
24.4800000005343 18.2997570037842 0.410124822884314
24.5000000005348 18.3053035736084 0.410129014130369
24.5200000005352 18.3108882904053 0.410084276848594
24.5400000005357 18.3165073394775 0.410081166535201
24.5600000005361 18.3221645355225 0.410029100151863
24.5800000005365 18.32785987854 0.409973267365327
24.600000000537 18.3335914611816 0.409936336594476
24.6200000005374 18.3393535614014 0.409963740731156
24.6400000005378 18.3451557159424 0.409874247361123
24.6600000005383 18.3509902954102 0.409871583329163
24.6800000005387 18.356861114502 0.409819962159142
24.7000000005391 18.3627662658691 0.409787257157334
24.7200000005396 18.3687038421631 0.409773536110908
24.74000000054 18.3746776580811 0.409710818787627
24.7600000005405 18.3806819915771 0.409712344323232
24.7800000005409 18.38671875 0.409687611962414
24.8000000005413 18.3927898406982 0.409636528550266
24.8200000005418 18.3988933563232 0.409604366036555
24.8400000005422 18.4050273895264 0.409591192933243
24.8600000005426 18.4111995697021 0.40948366390342
24.8800000005431 18.4173984527588 0.409508270264829
24.9000000005435 18.4236278533936 0.409484023553119
24.920000000544 18.4298858642578 0.409478799248941
24.9400000005444 18.4361801147461 0.409379252740174
24.9600000005448 18.4425029754639 0.409366510239889
24.9800000005453 18.4488563537598 0.409327469636272
25.0000000005457 18.4552383422852 0.409307404328675
25.0200000005461 18.4616470336914 0.409306384278646
25.0400000005466 18.4680862426758 0.409256431428325
25.060000000547 18.4745540618896 0.409225421258362
25.0800000005474 18.4810543060303 0.409145374986105
25.1000000005479 18.4875774383545 0.409174899026346
25.1200000005483 18.4941310882568 0.409110242616149
25.1400000005488 18.50071144104 0.409087168313495
25.1600000005492 18.5073204040527 0.409037778893959
25.1800000005496 18.5139560699463 0.409007348481686
25.2000000005501 18.5206203460693 0.408950581933549
25.2200000005505 18.5273056030273 0.408980802117892
25.2400000005509 18.5340194702148 0.408916861077873
25.2600000005514 18.5407581329346 0.408894522096263
25.2800000005518 18.5475196838379 0.408891254502897
25.3000000005522 18.5543079376221 0.408839081689501
25.3200000005527 18.5611248016357 0.408760514756842
25.3400000005531 18.5679607391357 0.408791559487999
25.3600000005536 18.5748233795166 0.408728466569621
25.380000000554 18.5817089080811 0.408707000009275
25.4000000005544 18.5886211395264 0.408636581117387
25.4200000005549 18.5955543518066 0.408630452653659
25.4400000005553 18.6025085449219 0.408620800401479
25.4600000005557 18.6094875335693 0.408562250558662
25.4800000005562 18.616491317749 0.408499997865504
25.5000000005566 18.6235122680664 0.408524764558635
25.520000000557 18.6305561065674 0.40847808704553
25.5400000005575 18.6376190185547 0.40847312870204
25.5600000005579 18.6447048187256 0.408419312288178
25.5800000005584 18.6518154144287 0.408339150354297
25.6000000005588 18.6589412689209 0.408368650133059
25.6200000005592 18.666088104248 0.408326746675434
25.6400000005597 18.6732578277588 0.408258555337866
25.6600000005601 18.6804447174072 0.408254718248342
25.6800000005605 18.687650680542 0.408224739725104
25.700000000561 18.6948757171631 0.408191214601523
25.7200000005614 18.7021179199219 0.40817681854441
