0 6.38326215744019 1
0.0200000000004366 6.38326168060303 1
0.0400000000008731 6.38867712020874 1
0.0600000000013097 6.40272188186646 1
0.0800000000017462 6.42374992370605 1
0.100000000002183 6.45022869110107 1
0.120000000002619 6.48074626922607 0.995429388721842
0.140000000003056 6.51403474807739 0.964390034026397
0.160000000003492 6.54888868331909 0.947465404577069
0.180000000003929 6.58434867858887 0.941835541219794
0.200000000004366 6.61952495574951 0.946764553613783
0.220000000004802 6.65429496765137 0.953173163652546
0.240000000005239 6.6886568069458 0.959632135534417
0.260000000005675 6.72819566726685 0.899373835984856
0.280000000006112 6.77299165725708 0.837623513577649
0.300000000006548 6.82309913635254 0.774678842100861
0.320000000006985 6.87793636322021 0.718133992496633
0.340000000007421 6.93691205978394 0.66815953036059
0.360000000007858 6.99942302703857 0.624955695198495
0.380000000008295 7.06492710113525 0.587852299413091
0.400000000008731 7.13294267654419 0.556178933105635
0.420000000009168 7.20305490493774 0.529185211535315
0.440000000009604 7.27490854263306 0.506199682294309
0.460000000010041 7.34819984436035 0.486641917402208
0.480000000010477 7.42266893386841 0.470017609054915
0.500000000010914 7.4980936050415 0.455902223637328
0.52000000001135 7.5742883682251 0.443878927414943
0.540000000011787 7.65109348297119 0.43365833440144
0.560000000012224 7.72837400436401 0.424959931376991
0.58000000001266 7.80601215362549 0.417591941589129
0.600000000013097 7.88391160964966 0.411309624437274
0.620000000013533 7.96198749542236 0.405985788091747
0.64000000001397 8.04017066955566 0.401440838751054
0.660000000014406 8.11840057373047 0.397579105123845
0.680000000014843 8.19662475585938 0.394309775747721
0.70000000001528 8.27480220794678 0.391501356691867
0.720000000015716 8.35289192199707 0.389157982096299
0.740000000016153 8.43086814880371 0.387101453356436
0.760000000016589 8.50869655609131 0.385436969237078
0.780000000017026 8.58636093139648 0.383951493544381
0.800000000017462 8.66383838653564 0.382726493410913
0.820000000017899 8.74111461639404 0.381661766447911
0.840000000018335 8.81817531585693 0.380758825068401
0.860000000018772 8.89500617980957 0.380019187121351
0.880000000019209 8.97159957885742 0.379364598498334
0.900000000019645 9.04794597625732 0.378818708815591
0.920000000020082 9.12403869628906 0.378348378920596
0.940000000020518 9.19987106323242 0.377954375319544
0.960000000020955 9.27543830871582 0.37761467351445
0.980000000021391 9.35073375701904 0.377352646441562
1.00000000002183 9.42575836181641 0.377077893328786
1.02000000002226 9.50050449371338 0.376892992301122
1.0400000000227 9.57497119903564 0.376719037623554
1.06000000002314 9.64915657043457 0.376567627978487
1.08000000002357 9.72305774688721 0.376450458502943
1.10000000002401 9.79667282104492 0.376356527610009
1.12000000002445 9.8700008392334 0.376274738707737
1.14000000002488 9.94304084777832 0.37620529660722
1.16000000002532 10.0157918930054 0.376148406481954
1.18000000002576 10.0882539749146 0.376092877097348
1.20000000002619 10.1604232788086 0.376084405341373
1.22000000002663 10.2323036193848 0.376032311225168
1.24000000002707 10.3038930892944 0.376004702258346
1.2600000000275 10.3751888275146 0.376013277201892
1.28000000002794 10.4461936950684 0.37599005424047
1.30000000002838 10.5169076919556 0.375969047026881
1.32000000002881 10.5873289108276 0.375973159632932
1.34000000002925 10.6574544906616 0.376014091544402
1.36000000002969 10.7272901535034 0.375989671359315
1.38000000003012 10.7968349456787 0.3759792122605
1.40000000003056 10.8660840988159 0.376028507590547
1.420000000031 10.9350423812866 0.376024180636659
1.44000000003143 11.0037088394165 0.376034243903412
1.46000000003187 11.0720815658569 0.376070300784361
1.48000000003231 11.1401634216309 0.376075670504818
1.50000000003274 11.2079524993896 0.376107160258538
1.52000000003318 11.2754526138306 0.376096692137961
1.54000000003361 11.3426580429077 0.376157960734606
1.56000000003405 11.409574508667 0.376154891162154
1.58000000003449 11.4761981964111 0.376200986552468
1.60000000003492 11.5425329208374 0.376205566916691
1.62000000003536 11.6085748672485 0.376259533305387
1.6400000000358 11.6743278503418 0.376272205729698
1.66000000003623 11.7397909164429 0.376300294928758
1.68000000003667 11.8049640655518 0.376332610030374
1.70000000003711 11.8698463439941 0.376380657973482
1.72000000003754 11.9344425201416 0.376376264395899
1.74000000003798 11.9987449645996 0.37646721738356
1.76000000003842 12.062762260437 0.376460649295021
1.78000000003885 12.1264896392822 0.376515361704984
1.80000000003929 12.1899299621582 0.376540769267231
1.82000000003973 12.2530841827393 0.376559487414499
1.84000000004016 12.3159503936768 0.376605719447264
1.8600000000406 12.3785285949707 0.376656972727892
1.88000000004104 12.4408197402954 0.376701959929571
1.90000000004147 12.5028257369995 0.376729297633265
1.92000000004191 12.564546585083 0.376761696276746
1.94000000004235 12.6259813308716 0.376810660986969
1.96000000004278 12.6871299743652 0.376864999442156
1.98000000004322 12.7479944229126 0.376902026820225
2.00000000004366 12.8085746765137 0.376944453196554
2.02000000004409 12.8688726425171 0.376969593024268
2.04000000004453 12.9288854598999 0.377034345965384
2.06000000004497 12.988618850708 0.377036536631569
2.0800000000454 13.0480642318726 0.377146648383109
2.10000000004584 13.1072301864624 0.377160510363532
2.12000000004628 13.1661157608032 0.377191334891256
2.14000000004671 13.2247180938721 0.377262117781559
2.16000000004715 13.2830419540405 0.377282079691791
2.18000000004758 13.3410835266113 0.377353418726807
2.20000000004802 13.3988437652588 0.377419641222822
2.22000000004846 13.4563255310059 0.377457964815944
2.24000000004889 13.5135326385498 0.377456811365914
2.26000000004933 13.5704555511475 0.377575457110218
2.28000000004977 13.6271018981934 0.377609825472626
2.3000000000502 13.6834707260132 0.377661826643719
2.32000000005064 13.7395648956299 0.377686074728722
2.34000000005108 13.7953805923462 0.377762164301607
2.36000000005151 13.8509197235107 0.377822203478528
2.38000000005195 13.9061870574951 0.377831915583305
2.40000000005239 13.9611730575562 0.377961876806885
2.42000000005282 14.01589012146 0.377951025633464
2.44000000005326 14.0703296661377 0.378048948721515
2.4600000000537 14.1244983673096 0.378074264769163
2.48000000005413 14.1783924102783 0.37815177106339
2.50000000005457 14.2320165634155 0.378179383959334
2.52000000005501 14.2853679656982 0.378247901529806
2.54000000005544 14.3384466171265 0.378323524298185
2.56000000005588 14.3912563323975 0.378360768827886
2.58000000005632 14.443793296814 0.378450528559154
2.60000000005675 14.4960622787476 0.378490719122332
2.62000000005719 14.5480642318726 0.378526550783533
2.64000000005763 14.5997943878174 0.378626409906737
2.66000000005806 14.6512594223022 0.378654117178289
2.6800000000585 14.7024574279785 0.378711674169841
2.70000000005894 14.7533864974976 0.378799373811996
2.72000000005937 14.8040533065796 0.378814938825857
2.74000000005981 14.8544502258301 0.37892875031875
2.76000000006024 14.904580116272 0.379016312212186
2.78000000006068 14.9544496536255 0.379031851705722
2.80000000006112 15.0040559768677 0.379088765329505
2.82000000006155 15.0533990859985 0.379153249982951
2.84000000006199 15.1024770736694 0.379248199228375
2.86000000006243 15.151294708252 0.379294127878251
2.88000000006286 15.1998491287231 0.379381830381427
2.9000000000633 15.2481470108032 0.379397726243979
2.92000000006374 15.296181678772 0.37950079762838
2.94000000006417 15.343957901001 0.379555053419062
2.96000000006461 15.3914766311646 0.379605700258176
2.98000000006505 15.4387369155884 0.379675533803831
3.00000000006548 15.4857368469238 0.379776144765716
3.02000000006592 15.5324831008911 0.379805252603364
3.04000000006636 15.5789709091187 0.379899044851106
3.06000000006679 15.625205039978 0.379944130662692
3.08000000006723 15.671181678772 0.380042698720675
3.10000000006767 15.7169075012207 0.380069865316105
3.1200000000681 15.762378692627 0.380150420125644
3.14000000006854 15.8075952529907 0.380239255746493
3.16000000006898 15.8525609970093 0.38029088185654
3.18000000006941 15.8972721099854 0.380396185010499
3.20000000006985 15.9417352676392 0.380430280412233
3.22000000007029 15.9859476089478 0.380506559880738
3.24000000007072 16.0299110412598 0.380568422063323
3.26000000007116 16.0736217498779 0.380684150708615
3.2800000000716 16.1170883178711 0.380706066754727
3.30000000007203 16.160306930542 0.380781559422846
3.32000000007247 16.2032775878906 0.3808655187734
3.34000000007291 16.2460041046143 0.380912451947501
3.36000000007334 16.2884826660156 0.381013242963093
3.38000000007378 16.330717086792 0.381077194798692
3.40000000007421 16.3727073669434 0.381149604390334
3.42000000007465 16.4144535064697 0.381230564511455
3.44000000007509 16.4559574127197 0.38129737439454
3.46000000007552 16.497220993042 0.381349934628577
3.48000000007596 16.5382423400879 0.381433732159671
3.5000000000764 16.5790214538574 0.381526256955169
3.52000000007683 16.6195621490479 0.381582013981807
3.54000000007727 16.6598625183105 0.381669091542198
3.56000000007771 16.6999263763428 0.381719391796986
3.58000000007814 16.7397499084473 0.381823795864944
3.60000000007858 16.7793350219727 0.381914397366374
3.62000000007902 16.8186893463135 0.381922714817817
3.64000000007945 16.8578033447266 0.382053211949129
3.66000000007989 16.8966846466064 0.382101795513853
3.68000000008033 16.9353313446045 0.382181755802819
3.70000000008076 16.9737434387207 0.382270579884204
3.7200000000812 17.0119228363037 0.38234556336653
3.74000000008164 17.0498714447021 0.382406603214822
3.76000000008207 17.087589263916 0.38247638921027
3.78000000008251 17.1250743865967 0.382577802593718
3.80000000008295 17.1623287200928 0.382665536167595
3.82000000008338 17.1993579864502 0.382693899090229
3.84000000008382 17.2361583709717 0.382776370212934
3.86000000008426 17.2727279663086 0.382890625889167
3.88000000008469 17.3090744018555 0.382922977573701
3.90000000008513 17.3451919555664 0.383032299015315
3.92000000008557 17.3810863494873 0.383082490322346
3.940000000086 17.4167537689209 0.38318702962132
3.96000000008644 17.4521980285645 0.383255211918037
3.98000000008687 17.487419128418 0.383332326175812
4.00000000008731 17.5224170684814 0.383418457195367
4.02000000008775 17.5571956634521 0.383468102695514
4.04000000008818 17.5917510986328 0.383572137271892
4.06000000008862 17.6260890960693 0.383617060939764
4.08000000008906 17.6602058410645 0.383716349651274
4.10000000008949 17.6941051483154 0.383779296237845
4.12000000008993 17.727783203125 0.383896774570327
4.14000000009037 17.7612457275391 0.383955283939186
4.1600000000908 17.794490814209 0.384045506030823
4.18000000009124 17.8275203704834 0.384122127849328
4.20000000009168 17.8603363037109 0.384185039836595
4.22000000009211 17.8929386138916 0.38425692525068
4.24000000009255 17.9253253936768 0.384360658809297
4.26000000009299 17.9575023651123 0.384405339709833
4.28000000009342 17.9894676208496 0.384481647464312
4.30000000009386 18.0212173461914 0.384612647525307
4.3200000000943 18.0527610778809 0.384639249927004
4.34000000009473 18.0840969085693 0.384697336894434
4.36000000009517 18.1152172088623 0.384855559512497
4.38000000009561 18.1461334228516 0.384886830111825
4.40000000009604 18.1768417358398 0.384972425814911
4.42000000009648 18.2073421478271 0.38506722146154
4.44000000009692 18.2376384735107 0.385125708972183
4.46000000009735 18.267728805542 0.385215963603186
4.48000000009779 18.2976131439209 0.38531546155084
4.50000000009823 18.3272953033447 0.385378694010823
4.52000000009866 18.3567771911621 0.385428148432782
4.5400000000991 18.3860530853271 0.385554883624088
4.56000000009954 18.4151344299316 0.385554410372708
4.58000000009997 18.4440116882324 0.385676382800036
4.60000000010041 18.4726867675781 0.385785074511422
4.62000000010084 18.5011653900146 0.385834783793305
4.64000000010128 18.5294437408447 0.385938978625114
4.66000000010172 18.5575256347656 0.386006943865553
4.68000000010215 18.585412979126 0.386061164789892
4.70000000010259 18.6131038665771 0.386147110949216
4.72000000010303 18.6405963897705 0.386265048456805
4.74000000010346 18.667896270752 0.386324069986917
4.7600000001039 18.6950035095215 0.386392054987489
4.78000000010434 18.7219142913818 0.386514663744468
4.80000000010477 18.7486381530762 0.386532799044112
4.82000000010521 18.77516746521 0.386650716486394
4.84000000010565 18.8015098571777 0.386686907511136
4.86000000010608 18.827657699585 0.386823025637011
4.88000000010652 18.8536205291748 0.386854768762888
4.90000000010696 18.8793926239014 0.386963598222992
4.92000000010739 18.9049797058105 0.387013399629813
4.94000000010783 18.9303798675537 0.387094843073072
4.96000000010827 18.955587387085 0.387253778123995
4.9800000001087 18.9806156158447 0.38726291695605
5.00000000010914 19.0054588317871 0.387348922891679
5.02000000010958 19.0301189422607 0.387421266450905
5.04000000011001 19.0545978546143 0.38747982575415
5.06000000011045 19.078893661499 0.387570065278951
5.08000000011089 19.1030044555664 0.387692246065044
5.10000000011132 19.1269378662109 0.387732662172183
5.12000000011176 19.150691986084 0.387804582872217
5.1400000001122 19.1742610931396 0.387953854837202
5.16000000011263 19.1976585388184 0.387953187341437
5.18000000011307 19.2208766937256 0.388052034349149
5.2000000001135 19.24391746521 0.388137262124683
5.22000000011394 19.2667846679688 0.38818595307313
5.24000000011438 19.2894725799561 0.388311757936066
5.26000000011481 19.3119869232178 0.388378557977225
5.28000000011525 19.3343276977539 0.38845422539662
5.30000000011569 19.3564949035645 0.388538826150364
5.32000000011612 19.3784923553467 0.388586839112667
5.34000000011656 19.400318145752 0.388666326493609
5.360000000117 19.4219722747803 0.388754751443215
5.38000000011743 19.4434547424316 0.388852179192809
5.40000000011787 19.4647693634033 0.388913087891806
5.42000000011831 19.4859142303467 0.389005539025494
5.44000000011874 19.5068950653076 0.389038614396244
5.46000000011918 19.527702331543 0.389194150284875
5.48000000011962 19.5483493804932 0.389199647454332
5.50000000012005 19.5688304901123 0.389281761979134
5.52000000012049 19.5891437530518 0.389395544213286
5.54000000012093 19.6092948913574 0.389450075234366
5.56000000012136 19.6292819976807 0.389536016434582
5.5800000001218 19.6491069793701 0.389608034523838
5.60000000012224 19.6687679290771 0.389711586731745
5.62000000012267 19.6882705688477 0.389755752686297
5.64000000012311 19.7076091766357 0.389876779412026
5.66000000012355 19.7267971038818 0.389847368210512
5.68000000012398 19.7458171844482 0.390030932778036
5.70000000012442 19.764684677124 0.39004176983702
5.72000000012486 19.783390045166 0.390174721726018
5.74000000012529 19.8019428253174 0.390202871941129
5.76000000012573 19.8203353881836 0.39033046303606
5.78000000012617 19.8385753631592 0.390375973404369
5.8000000001266 19.8566608428955 0.390452662895602
5.82000000012704 19.8745956420898 0.390492401054744
5.84000000012747 19.8923740386963 0.390608829925859
5.86000000012791 19.9100017547607 0.390665822075174
5.88000000012835 19.9274749755859 0.390776828087097
5.90000000012878 19.9447994232178 0.390828321884362
5.92000000012922 19.9619770050049 0.390865372703721
5.94000000012966 19.9790000915527 0.391001812599311
5.96000000013009 19.9958782196045 0.391033324249359
5.98000000013053 20.0126075744629 0.391118560226493
6.00000000013097 20.0291881561279 0.391212372901931
6.0200000001314 20.0456218719482 0.39129202526853
6.04000000013184 20.0619106292725 0.391357381675658
6.06000000013228 20.0780582427979 0.391385512206932
6.08000000013271 20.0940570831299 0.391512848823409
6.10000000013315 20.1099128723145 0.391580659110846
6.12000000013359 20.1256256103516 0.391656803672576
6.14000000013402 20.1411991119385 0.391695749786125
6.16000000013446 20.1566276550293 0.391811135146804
6.1800000001349 20.1719169616699 0.391866827972084
6.20000000013533 20.1870708465576 0.391885100333803
6.22000000013577 20.2020797729492 0.392025175559594
6.24000000013621 20.2169513702393 0.392082924163377
6.26000000013664 20.2316837310791 0.392171600196359
6.28000000013708 20.246280670166 0.392223067405185
6.30000000013752 20.2607402801514 0.39230537495367
6.32000000013795 20.2750644683838 0.392373179404621
6.34000000013839 20.2892513275146 0.392471927840558
6.36000000013883 20.3033103942871 0.392465102660468
6.38000000013926 20.3172302246094 0.392602524077666
6.4000000001397 20.3310203552246 0.392634664809441
6.42000000014013 20.3446731567383 0.392765758711991
6.44000000014057 20.3581981658936 0.392791481940409
6.46000000014101 20.3715934753418 0.392847687003239
6.48000000014144 20.3848552703857 0.392957408186978
6.50000000014188 20.3979892730713 0.393007111441641
6.52000000014232 20.4109935760498 0.393087445113174
6.54000000014275 20.4238700866699 0.393153062865213
6.56000000014319 20.4366149902344 0.39327220242206
6.58000000014363 20.449239730835 0.393262948386075
6.60000000014406 20.4617366790771 0.393352133070792
6.6200000001445 20.4741077423096 0.393426603171158
6.64000000014494 20.4863548278809 0.393486215063822
6.66000000014537 20.4984741210938 0.393599205023502
6.68000000014581 20.5104694366455 0.393674830366788
6.70000000014625 20.522346496582 0.393689961744927
6.72000000014668 20.5340995788574 0.39378083096181
6.74000000014712 20.5457324981689 0.393834091803144
6.76000000014756 20.5572414398193 0.39394058117536
6.78000000014799 20.5686321258545 0.393986761404512
6.80000000014843 20.5799026489258 0.394063277212582
6.82000000014887 20.5910568237305 0.394101985098289
6.8400000001493 20.6020927429199 0.394170926977526
6.86000000014974 20.6130084991455 0.394270339247082
6.88000000015018 20.6238098144531 0.394309284864723
6.90000000015061 20.6344928741455 0.394401200643801
6.92000000015105 20.6450614929199 0.394455340276945
6.94000000015149 20.6555156707764 0.3945169514143
6.96000000015192 20.6658535003662 0.394608871084369
6.98000000015236 20.6760787963867 0.394662954336287
7.0000000001528 20.6861915588379 0.394724448095408
7.02000000015323 20.6961879730225 0.394838982206395
7.04000000015367 20.7060775756836 0.394847429014223
7.0600000001541 20.715856552124 0.39490842659567
7.08000000015454 20.7255229949951 0.394999606367058
7.10000000015498 20.7350807189941 0.395052821927937
7.12000000015541 20.7445278167725 0.395136112295029
7.14000000015585 20.7538661956787 0.395204123884045
7.16000000015629 20.7631015777588 0.395211119466592
7.18000000015672 20.7722263336182 0.395316118589177
7.20000000015716 20.7812461853027 0.395360374341707
7.2200000001576 20.7901573181152 0.395457319913572
7.24000000015803 20.7989654541016 0.395493411832484
7.26000000015847 20.8076648712158 0.395604876103994
7.28000000015891 20.8162689208984 0.395564393010701
7.30000000015934 20.8247585296631 0.395758148770858
7.32000000015978 20.8331508636475 0.395755024190442
7.34000000016022 20.8414402008057 0.395826855588419
7.36000000016065 20.8496284484863 0.395883082318732
7.38000000016109 20.8577098846436 0.396014725499545
7.40000000016153 20.865701675415 0.395948877606753
7.42000000016196 20.8735866546631 0.396094133305876
7.4400000001624 20.8813762664795 0.396110353207883
7.46000000016284 20.8890628814697 0.396224360204004
7.48000000016327 20.8966503143311 0.396300198025931
7.50000000016371 20.904146194458 0.396291934361654
7.52000000016415 20.9115428924561 0.396381186490222
7.54000000016458 20.9188404083252 0.39647758377565
7.56000000016502 20.92604637146 0.396489989743331
7.58000000016546 20.9331569671631 0.396554434590406
7.60000000016589 20.9401702880859 0.396648543934855
7.62000000016633 20.9470901489258 0.39670416557789
7.64000000016676 20.9539222717285 0.396698158574075
7.6600000001672 20.9606533050537 0.396857917294439
7.68000000016764 20.9672946929932 0.396888504338169
7.70000000016807 20.9738483428955 0.39690277271735
7.72000000016851 20.9803066253662 0.397014532017549
7.74000000016895 20.9866790771484 0.397019442448427
7.76000000016938 20.9929599761963 0.397098927654999
7.78000000016982 20.9991493225098 0.39718521618341
7.80000000017026 21.0052528381348 0.397209962200835
7.82000000017069 21.011266708374 0.397286591648741
7.84000000017113 21.0171966552734 0.397301553806914
7.86000000017157 21.0230350494385 0.397413860973935
7.880000000172 21.028787612915 0.397464758991787
7.90000000017244 21.0344543457031 0.397522086720028
7.92000000017288 21.0400352478027 0.397585876774318
7.94000000017331 21.0455360412598 0.397587781147458
7.96000000017375 21.0509471893311 0.397709604229396
7.98000000017419 21.0562782287598 0.397724401974118
8.00000000017462 21.0615196228027 0.397859182934169
8.02000000017506 21.0666847229004 0.397841415981626
8.0400000001755 21.0717678070068 0.397897725300138
8.06000000017593 21.0767669677734 0.397983129352842
8.08000000017637 21.0816898345947 0.397983883785491
8.10000000017681 21.0865268707275 0.39810439361975
8.12000000017724 21.091287612915 0.398117713360016
8.14000000017768 21.0959663391113 0.398205263027344
8.16000000017812 21.1005706787109 0.398208093380099
8.18000000017855 21.1050910949707 0.398330608715151
8.20000000017899 21.1095371246338 0.398345862812108
8.22000000017943 21.1139068603516 0.398389687885321
8.24000000017986 21.1181983947754 0.398462304386146
8.2600000001803 21.1224117279053 0.398541139949776
8.28000000018073 21.1265544891357 0.398535050128887
8.30000000018117 21.1306190490723 0.398625644229809
8.32000000018161 21.1346073150635 0.398699750102888
8.34000000018204 21.138521194458 0.398757205280167
8.36000000018248 21.1423645019531 0.398775053027942
8.38000000018292 21.1461334228516 0.39884411140804
8.40000000018335 21.1498317718506 0.398873617442863
8.42000000018379 21.1534576416016 0.398931595653284
8.44000000018423 21.1570110321045 0.398995471500118
8.46000000018466 21.160493850708 0.399042478984526
8.4800000001851 21.1639080047607 0.399072453464174
8.50000000018554 21.1672458648682 0.399199197276706
8.52000000018597 21.1705169677734 0.399218363383857
8.54000000018641 21.1737213134766 0.399242987559855
8.56000000018685 21.1768589019775 0.399273095172438
8.58000000018728 21.1799240112305 0.399377092212204
8.60000000018772 21.1829261779785 0.399373232272603
8.62000000018816 21.1858577728271 0.399465723842094
8.64000000018859 21.1887264251709 0.399473011248989
8.66000000018903 21.1915245056152 0.39957670090045
8.68000000018947 21.1942577362061 0.399618030665744
8.7000000001899 21.1969337463379 0.399573657267892
8.72000000019034 21.1995372772217 0.399716359103495
8.74000000019078 21.2020778656006 0.399751379359512
8.76000000019121 21.2045497894287 0.399860132983446
8.78000000019165 21.2069683074951 0.399792491496301
8.80000000019209 21.2093181610107 0.399911640170284
8.82000000019252 21.2116069793701 0.399945614283723
8.84000000019296 21.2138347625732 0.399984845355169
8.8600000001934 21.2160015106201 0.400029356577983
8.88000000019383 21.2181072235107 0.400079171145523
8.90000000019427 21.2201519012451 0.400134312251149
8.9200000001947 21.2221355438232 0.40019480308822
8.94000000019514 21.2240600585938 0.400237873309142
8.96000000019558 21.2259273529053 0.400263353922825
8.98000000019601 21.2277355194092 0.400316662295297
9.00000000019645 21.2294826507568 0.400398012354781
9.02000000019689 21.2311725616455 0.400439238131428
9.04000000019732 21.2328090667725 0.400439978449702
9.06000000019776 21.2343902587891 0.400468251307344
9.0800000001982 21.2359085083008 0.400592649805853
9.10000000019863 21.2373733520508 0.400608821833416
9.12000000019907 21.2387886047363 0.400584211008808
9.14000000019951 21.240140914917 0.400723595125908
9.16000000019994 21.2414455413818 0.400686435206147
9.18000000020038 21.2426910400391 0.400790327265447
9.20000000020082 21.2438850402832 0.400808507120771
9.22000000020125 21.245023727417 0.400876989748614
9.24000000020169 21.2461090087891 0.400927798464411
9.26000000020213 21.2471446990967 0.400937968561739
9.28000000020256 21.2481269836426 0.400998310129707
9.300000000203 21.2490577697754 0.401040845758956
9.32000000020344 21.2499370574951 0.40108819710018
9.34000000020387 21.2507667541504 0.401117590181822
9.36000000020431 21.2515468597412 0.401151645929785
9.38000000020475 21.2522735595703 0.401235970270581
9.40000000020518 21.2529544830322 0.401234205171987
9.42000000020562 21.2535839080811 0.401305156977078
9.44000000020606 21.2541656494141 0.401335451929447
9.46000000020649 21.2546997070313 0.401370312311505
9.48000000020693 21.2551860809326 0.401409756243062
9.50000000020736 21.2556247711182 0.40145380184393
9.5200000002078 21.2560157775879 0.401502467233922
9.54000000020824 21.2563610076904 0.401532976991895
9.56000000020867 21.2566566467285 0.401613537676076
9.58000000020911 21.2569103240967 0.401607789804656
9.60000000020955 21.2571144104004 0.401697331812079
9.62000000020998 21.2572784423828 0.401677806512986
9.64000000021042 21.2573928833008 0.401776207239281
9.66000000021086 21.2574672698975 0.401765574724307
9.68000000021129 21.2574977874756 0.401804521677105
9.70000000021173 21.2574806213379 0.401893447687214
9.72000000021217 21.2574253082275 0.401873199007079
9.7400000002126 21.25732421875 0.401947974702857
9.76000000021304 21.2571811676025 0.401981796762467
9.78000000021348 21.2569942474365 0.402042678834894
9.80000000021391 21.2567729949951 0.401994067804296
9.82000000021435 21.2565040588379 0.402108541910109
9.84000000021479 21.2561931610107 0.402159524080192
9.86000000021522 21.2558441162109 0.402169249421969
9.88000000021566 21.2554531097412 0.402228523675793
9.9000000002161 21.2550220489502 0.402269365083548
9.92000000021653 21.2545566558838 0.402246010324312
9.94000000021697 21.2540454864502 0.40236303993397
9.96000000021741 21.2534999847412 0.402348097574027
9.98000000021784 21.2529144287109 0.402405189401398
10.0000000002183 21.252290725708 0.402443730851879
10.0200000002187 21.2516307830811 0.402463544961661
10.0400000002192 21.2509365081787 0.402464454042147
10.0600000002196 21.2502021789551 0.402537453843762
10.08000000022 21.2494335174561 0.402546372720391
10.1000000002205 21.2486248016357 0.402627410585055
10.1200000002209 21.24778175354 0.40264439579164
10.1400000002213 21.2469024658203 0.402687941171259
10.1600000002218 21.2459869384766 0.402735458413671
10.1800000002222 21.2450389862061 0.402741374208025
10.2000000002226 21.2440528869629 0.402819285661252
10.2200000002231 21.2430362701416 0.40281022686149
10.2400000002235 21.2419834136963 0.402872998353475
10.260000000224 21.2409000396729 0.402871427041506
10.2800000002244 21.239782333374 0.402918917848066
10.3000000002248 21.2386322021484 0.40294748611587
10.3200000002253 21.2374477386475 0.403002539788641
10.3400000002257 21.236234664917 0.402993109208485
10.3600000002261 21.2349853515625 0.403078185654998
10.3800000002266 21.2337074279785 0.403076200410229
10.400000000227 21.2323932647705 0.403168746835076
10.4200000002274 21.231050491333 0.403174256211584
10.4400000002279 21.2296810150146 0.403160354195881
10.4600000002283 21.2282810211182 0.403195240098267
10.4800000002288 21.2268466949463 0.403279308434735
10.5000000002292 21.2253856658936 0.403276193925136
10.5200000002296 21.2238922119141 0.403344695664619
10.5400000002301 21.222375869751 0.403303052025992
10.5600000002305 21.2208290100098 0.403355456277073
10.5800000002309 21.2192516326904 0.403411511689347
10.6000000002314 21.2176418304443 0.403494023400449
10.6200000002318 21.2160091400146 0.403466433945783
10.6400000002322 21.2143459320068 0.403532936593165
10.6600000002327 21.2126598358154 0.403511960450265
10.6800000002331 21.2109413146973 0.403607890244558
10.7000000002336 21.2091999053955 0.403593760186254
10.720000000234 21.2074337005615 0.403605382920307
10.7400000002344 21.2056427001953 0.403620165787722
10.7600000002349 21.2038249969482 0.403660911751756
10.7800000002353 21.2019786834717 0.403727822419158
10.8000000002357 21.2001075744629 0.403752719498609
10.8200000002362 21.1982097625732 0.403803610115963
10.8400000002366 21.1962928771973 0.403766728173199
10.8600000002371 21.1943454742432 0.40386925048916
10.8800000002375 21.1923789978027 0.403838814927012
10.9000000002379 21.1903877258301 0.403879421845331
10.9200000002384 21.1883697509766 0.403946067963478
10.9400000002388 21.1863307952881 0.403947780724388
10.9600000002392 21.1842708587646 0.403952374344673
10.9800000002397 21.1821880340576 0.403982650338004
11.0000000002401 21.180082321167 0.404016015320594
11.0200000002405 21.1779499053955 0.404098065071859
11.040000000241 21.1757946014404 0.404138018494389
11.0600000002414 21.1736240386963 0.404089914284476
11.0800000002419 21.1714305877686 0.404135340729467
11.1000000002423 21.1692161560059 0.404161104660727
11.1200000002427 21.1669826507568 0.404167022591315
11.1400000002432 21.1647243499756 0.404244084473318
11.1600000002436 21.1624507904053 0.404210525780372
11.180000000244 21.1601543426514 0.404270536881126
11.2000000002445 21.1578388214111 0.404288131065987
11.2200000002449 21.1555004119873 0.404354106827385
11.2400000002453 21.1531429290771 0.404377681618325
11.2600000002458 21.1507701873779 0.40435847976742
11.2800000002462 21.148380279541 0.404364504776562
11.3000000002467 21.1459655761719 0.404464335251399
11.3200000002471 21.1435375213623 0.404430811043318
11.3400000002475 21.1410903930664 0.404467930336516
11.360000000248 21.1386241912842 0.404507894135025
11.3800000002484 21.1361446380615 0.404482329063906
11.4000000002488 21.1336441040039 0.404550220604418
11.4200000002493 21.1311264038086 0.404575581322178
11.4400000002497 21.1285915374756 0.404603621902914
11.4600000002501 21.1260433197021 0.40458876178785
11.4800000002506 21.1234722137451 0.4046901779179
11.500000000251 21.1208896636963 0.404658107338359
11.5200000002515 21.118293762207 0.404650960426725
11.5400000002519 21.1156749725342 0.404760107880018
11.5600000002523 21.1130447387695 0.404735786743532
11.5800000002528 21.1104030609131 0.40471361385381
11.6000000002532 21.107738494873 0.404830354805333
11.6200000002536 21.1050624847412 0.404813644562096
11.6400000002541 21.1023693084717 0.404867480583505
11.6600000002545 21.099666595459 0.404832888984983
11.680000000255 21.0969505310059 0.404845868797593
11.7000000002554 21.0942153930664 0.404929601555147
11.7200000002558 21.0914688110352 0.40492511409786
11.7400000002563 21.0887107849121 0.404922819099679
11.7600000002567 21.0859355926514 0.404991101532221
11.7800000002571 21.0831489562988 0.404993781051863
11.8000000002576 21.0803546905518 0.404953081169344
11.820000000258 21.0775413513184 0.405050970192158
11.8400000002584 21.0747184753418 0.405037875175667
11.8600000002589 21.0718822479248 0.405072397232234
11.8800000002593 21.0690326690674 0.40510933727281
11.9000000002598 21.0661697387695 0.405148700370942
11.9200000002602 21.0632991790771 0.405122110977316
11.9400000002606 21.060417175293 0.405142965316904
11.9600000002611 21.0575275421143 0.405120476493956
11.9800000002615 21.0546226501465 0.405191025734056
12.0000000002619 21.0517024993896 0.405264210510349
12.0200000002624 21.0487728118896 0.405271655998314
12.0400000002628 21.0458393096924 0.405212791442945
12.0600000002632 21.0428905487061 0.405292185783448
12.0800000002637 21.0399360656738 0.405260264625601
12.1000000002641 21.0369682312012 0.40532121471409
12.1200000002646 21.033992767334 0.405316252174406
12.140000000265 21.0310039520264 0.405381566772478
12.1600000002654 21.0280113220215 0.405335389633186
12.1800000002659 21.0250053405762 0.405404700317378
12.2000000002663 21.0219898223877 0.405430906410202
12.2200000002667 21.0189685821533 0.405413628616308
12.2400000002672 21.0159358978271 0.405466453895532
12.2600000002676 21.0128993988037 0.405430406188919
12.280000000268 21.0098533630371 0.405464275894108
12.3000000002685 21.0067958831787 0.405523053932122
12.3200000002689 21.0037288665771 0.405561349029462
12.3400000002694 21.0006618499756 0.405487799186619
12.3600000002698 20.9975814819336 0.405574969596764
12.3800000002702 20.9944972991943 0.405550683059584
12.4000000002707 20.9913997650146 0.405641919135927
12.4200000002711 20.9883003234863 0.405598911247125
12.4400000002715 20.9851951599121 0.405602859687667
12.460000000272 20.982084274292 0.405608562469334
12.4800000002724 20.9789638519287 0.405661608848413
12.5000000002728 20.9758377075195 0.40567121120436
12.5200000002733 20.9727077484131 0.405659782333197
12.5400000002737 20.9695701599121 0.405695512847713
12.5600000002742 20.9664249420166 0.405733201484483
12.5800000002746 20.9632720947266 0.405772851142676
12.600000000275 20.9601192474365 0.405723290557646
12.6200000002755 20.9569606781006 0.405743308677449
12.6400000002759 20.9537925720215 0.405810688514474
12.6600000002763 20.9506187438965 0.405834642448181
12.6800000002768 20.9474449157715 0.40579199619268
12.7000000002772 20.9442615509033 0.405864523696637
12.7200000002777 20.9410762786865 0.405848044013706
12.7400000002781 20.9378852844238 0.405878553275782
12.7600000002785 20.9346904754639 0.40588805595369
12.780000000279 20.9314956665039 0.405853568496407
12.8000000002794 20.9282894134521 0.405957056312254
12.8200000002798 20.9250869750977 0.405880562934561
12.8400000002803 20.9218769073486 0.405941664809857
12.8600000002807 20.9186611175537 0.405981958808566
12.8800000002811 20.9154434204102 0.405978462104456
12.9000000002816 20.9122257232666 0.405953586043963
12.920000000282 20.9089984893799 0.406043900413155
12.9400000002825 20.9057750701904 0.405976843642823
12.9600000002829 20.9025440216064 0.406047390098197
12.9800000002833 20.8993110656738 0.406051549567794
13.0000000002838 20.8960838317871 0.405965954856484
13.0200000002842 20.8928451538086 0.406086153983671
13.0400000002846 20.8896083831787 0.406049177779746
13.0600000002851 20.8863658905029 0.40610441425282
13.0800000002855 20.8831195831299 0.406138663711125
13.1000000002859 20.8798732757568 0.406128942603635
13.1200000002864 20.8766250610352 0.406143248633901
13.1400000002868 20.8733787536621 0.406113393363508
13.1600000002873 20.8701248168945 0.406198547935032
13.1800000002877 20.8668746948242 0.406148943595426
13.2000000002881 20.8636245727539 0.406145778464804
13.2200000002886 20.8603649139404 0.406257816085339
13.240000000289 20.8571128845215 0.406166907805915
13.2600000002894 20.8538513183594 0.406281611327634
13.2800000002899 20.8505935668945 0.406238956756094
13.3000000002903 20.8473415374756 0.406174363669846
13.3200000002907 20.8440818786621 0.406269986762488
13.3400000002912 20.8408222198486 0.406276440200287
13.3600000002916 20.8375625610352 0.406284132308434
13.3800000002921 20.8343029022217 0.406293063086931
13.4000000002925 20.8310451507568 0.406280438994822
13.4200000002929 20.8277854919434 0.406314448470523
13.4400000002934 20.8245258331299 0.406327094535274
13.4600000002938 20.8212623596191 0.406386566352283
13.4800000002942 20.818000793457 0.406379280585675
13.5000000002947 20.8147430419922 0.406350249213599
13.5200000002951 20.8114891052246 0.406322072867768
13.5400000002955 20.8082294464111 0.406408717803368
13.560000000296 20.8049697875977 0.406428795165422
13.5800000002964 20.8017177581787 0.406358937034008
13.6000000002969 20.7984638214111 0.406403516539922
13.6200000002973 20.7952060699463 0.406472317542416
13.6400000002977 20.7919578552246 0.406383184623101
13.6600000002982 20.788703918457 0.406476677054733
13.6800000002986 20.785457611084 0.406412425574626
13.700000000299 20.7822036743164 0.406530990180331
13.7200000002995 20.7789573669434 0.406469208792997
13.7400000002999 20.7757091522217 0.406521862868613
13.7600000003004 20.7724685668945 0.406461975020708
13.7800000003008 20.7692279815674 0.406493726920421
13.8000000003012 20.7659854888916 0.406549503783512
13.8200000003017 20.762752532959 0.406469943007751
13.8400000003021 20.7595119476318 0.406595795325553
13.8600000003025 20.7562828063965 0.406495709494861
13.880000000303 20.7530498504639 0.406578050307537
13.9000000003034 20.7498188018799 0.406593621939917
13.9200000003038 20.7465953826904 0.40654184928824
13.9400000003043 20.7433700561523 0.406604503402003
13.9600000003047 20.7401504516602 0.40657740043569
13.9800000003052 20.736930847168 0.406619327162979
14.0000000003056 20.7337169647217 0.406594096717112
14.020000000306 20.730504989624 0.406615100249516
14.0400000003065 20.7272987365723 0.406591545790894
14.0600000003069 20.7240886688232 0.406682603034234
14.0800000003073 20.7208881378174 0.406615708235952
14.1000000003078 20.7176876068115 0.406663040045943
14.1200000003082 20.7144908905029 0.406666000975809
14.1400000003086 20.7112979888916 0.40666979373856
14.1600000003091 20.7081108093262 0.406651623343658
14.1800000003095 20.7049236297607 0.406702470320886
14.20000000031 20.7017421722412 0.406686147803487
14.2200000003104 20.6985683441162 0.406647666320024
14.2400000003108 20.6953907012939 0.40674638629835
14.2600000003113 20.6922206878662 0.406709935454535
14.2800000003117 20.6890544891357 0.406719510459108
14.3000000003121 20.6858882904053 0.406775492781795
14.3200000003126 20.682731628418 0.406718710555229
14.340000000313 20.6795787811279 0.406730551184802
14.3600000003134 20.6764278411865 0.406766000517988
14.3800000003139 20.673282623291 0.406756868666787
14.4000000003143 20.6701412200928 0.406771151160374
14.4200000003148 20.6670055389404 0.406763450926911
14.4400000003152 20.6638717651367 0.406801954955226
14.4600000003156 20.6607456207275 0.406773077735069
14.4800000003161 20.657621383667 0.406813003234026
14.5000000003165 20.6545009613037 0.406831130942457
14.5200000003169 20.6513919830322 0.406758887328257
14.5400000003174 20.6482830047607 0.406823437613591
14.5600000003178 20.6451778411865 0.40684358222876
14.5800000003183 20.6420803070068 0.406818936804868
14.6000000003187 20.6389904022217 0.406794702605341
14.6200000003191 20.6359004974365 0.406862050894825
14.6400000003196 20.6328182220459 0.406839399184312
14.66000000032 20.6297397613525 0.406862739981732
14.6800000003204 20.6266670227051 0.40686407413395
14.7000000003209 20.6236019134521 0.406843208006932
14.7200000003213 20.6205406188965 0.406868327864716
14.7400000003217 20.6174831390381 0.40689422809512
14.7600000003222 20.6144332885742 0.40687532016665
14.7800000003226 20.6113891601563 0.406879598883687
14.8000000003231 20.6083507537842 0.406884459990556
14.8200000003235 20.6053142547607 0.406935488394788
14.8400000003239 20.6022853851318 0.40691909858613
14.8600000003244 20.5992641448975 0.406903093909308
14.8800000003248 20.5962524414063 0.406864677924198
14.9000000003252 20.593240737915 0.406940416792907
14.9200000003257 20.590238571167 0.406903332404171
14.9400000003261 20.5872402191162 0.406934812163384
14.9600000003265 20.5842475891113 0.40694425483611
14.980000000327 20.5812606811523 0.40695426032927
15.0000000003274 20.5782814025879 0.406942032927534
15.0200000003279 20.575309753418 0.406930171813029
15.0400000003283 20.5723438262939 0.40694146762754
15.0600000003287 20.5693817138672 0.406976109656345
15.0800000003292 20.5664253234863 0.406988700827607
15.1000000003296 20.5634765625 0.406979047507291
15.12000000033 20.5605373382568 0.406946955336574
15.1400000003305 20.5576000213623 0.407006196936606
15.1600000003309 20.5546722412109 0.406975189093587
15.1800000003313 20.5517482757568 0.407012717131608
15.2000000003318 20.5488357543945 0.406959799193374
15.2200000003322 20.5459308624268 0.406952426337231
15.2400000003327 20.5430278778076 0.407013772124276
15.2600000003331 20.540132522583 0.407007648962957
15.2800000003335 20.5372447967529 0.407001860198001
15.300000000334 20.5343608856201 0.407041990012146
15.3200000003344 20.5314846038818 0.407037245711301
15.3400000003348 20.5286197662354 0.406987241476986
15.3600000003353 20.5257568359375 0.407051144827812
15.3800000003357 20.5229053497314 0.407001976927725
15.4000000003361 20.5200595855713 0.407021124457324
15.4200000003366 20.5172176361084 0.407063572539291
15.440000000337 20.5143871307373 0.407015543478926
15.4600000003375 20.5115604400635 0.407058615416484
15.4800000003379 20.5087432861328 0.407033997954324
15.5000000003383 20.5059337615967 0.407032287253333
15.5200000003388 20.5031299591064 0.407053671873997
15.5400000003392 20.5003337860107 0.407052754019685
15.5600000003396 20.4975433349609 0.407074926413482
15.5800000003401 20.4947624206543 0.407051997717801
15.6000000003405 20.4919834136963 0.407120342635095
15.620000000341 20.4892177581787 0.407052790869653
15.6400000003414 20.4864597320557 0.407053330458579
15.6600000003418 20.4837093353271 0.407054152258809
15.6800000003423 20.4809627532959 0.40710084045308
15.7000000003427 20.4782276153564 0.407057015265396
15.7200000003431 20.4754962921143 0.407104254836011
15.7400000003436 20.4727764129639 0.40706097522633
15.760000000344 20.4700603485107 0.407108754576608
15.7800000003444 20.4673519134521 0.407111596030158
15.8000000003449 20.4646549224854 0.4070691137685
15.8200000003453 20.4619617462158 0.40711768176929
15.8400000003458 20.4592800140381 0.407075716093935
15.8600000003462 20.4566020965576 0.40712479488269
15.8800000003466 20.4539375305176 0.407060540656005
15.9000000003471 20.4512767791748 0.407109926451596
15.9200000003475 20.4486236572266 0.407114353331477
15.9400000003479 20.4459800720215 0.407096229018121
15.9600000003484 20.4433422088623 0.407123739050772
15.9800000003488 20.4407138824463 0.407106090010549
16.0000000003492 20.4380931854248 0.407111275977039
16.0200000003497 20.4354782104492 0.407139485510728
16.0400000003501 20.4328727722168 0.407122527274033
16.0600000003506 20.4302730560303 0.407151188887495
16.080000000351 20.4276828765869 0.407134676932233
16.1000000003514 20.4251041412354 0.407095398405926
16.1200000003519 20.4225292205811 0.407147125204935
16.1400000003523 20.4199638366699 0.407131066931618
16.1600000003527 20.4174060821533 0.407137819746864
16.1800000003532 20.4148597717285 0.407099191588294
16.2000000003536 20.412317276001 0.407151556433567
16.220000000354 20.409782409668 0.407158917425997
16.2400000003545 20.4072608947754 0.407098095206149
16.2600000003549 20.4047431945801 0.40715085864914
16.2800000003554 20.4022350311279 0.407135815276031
16.3000000003558 20.3997344970703 0.407143561247709
16.3200000003562 20.39723777771 0.407197078665615
16.3400000003567 20.3947582244873 0.407091607130887
16.3600000003571 20.3922786712646 0.407190496558069
16.3800000003575 20.3898124694824 0.407130773428796
16.400000000358 20.3873519897461 0.407161821402427
16.4200000003584 20.3849029541016 0.407124849356529
16.4400000003589 20.3824596405029 0.407156039809103
16.4600000003593 20.3800258636475 0.407141997259969
16.4800000003597 20.3775997161865 0.407150715788715
16.5000000003602 20.3751811981201 0.407159590414874
16.5200000003606 20.3727703094482 0.407168618239274
16.540000000361 20.3703689575195 0.407155002821793
16.5600000003615 20.3679752349854 0.407164136160721
16.5800000003619 20.3655910491943 0.407150619734634
16.6000000003623 20.3632144927979 0.407159845541822
16.6200000003628 20.3608455657959 0.407169208601819
16.6400000003632 20.3584861755371 0.407155912474499
16.6600000003637 20.3561344146729 0.407165349158153
16.6800000003641 20.3537921905518 0.407152120131358
16.7000000003645 20.3514556884766 0.407184410933359
16.720000000365 20.3491306304932 0.407148634604318
16.7400000003654 20.3468112945557 0.407180973662239
16.7600000003658 20.3445014953613 0.407168032606941
16.7800000003663 20.3421993255615 0.407177805518012
16.8000000003667 20.3399085998535 0.407142100333075
16.8200000003671 20.3376235961914 0.407174497488836
16.8400000003676 20.3353481292725 0.407161601485112
16.860000000368 20.333080291748 0.407171406401493
16.8800000003685 20.3308219909668 0.407158513716557
16.9000000003689 20.3285713195801 0.407168315428592
16.9200000003693 20.3263282775879 0.407178206557131
16.9400000003698 20.3240928649902 0.407188184203005
16.9600000003702 20.3218669891357 0.407175451926088
16.9800000003706 20.3196506500244 0.407162608183717
17.0000000003711 20.3174419403076 0.407172442892884
17.0200000003715 20.3152408599854 0.40718235107312
17.0400000003719 20.3130493164063 0.407169536284301
17.0600000003724 20.3108654022217 0.407179390524718
17.0800000003728 20.3086929321289 0.407143721731994
17.1000000003733 20.306526184082 0.407176110342833
17.1200000003737 20.3043670654297 0.407185954398008
17.1400000003741 20.3022174835205 0.407173059538694
17.1600000003746 20.3000793457031 0.407137230681273
17.180000000375 20.297945022583 0.407192239722104
17.2000000003754 20.2958202362061 0.407179296263547
17.2200000003759 20.2937068939209 0.40714340938458
17.2400000003763 20.2915992736816 0.407175557440609
17.2600000003767 20.2894992828369 0.407185138472408
17.2800000003772 20.287410736084 0.407149164580197
17.3000000003776 20.2853298187256 0.407158422659725
17.3200000003781 20.2832546234131 0.407190499190181
17.3400000003785 20.2811908721924 0.407154409293026
17.3600000003789 20.2791347503662 0.407163541945308
17.3800000003794 20.2770862579346 0.407172690085261
17.4000000003798 20.2750453948975 0.407181850813716
17.4200000003802 20.2730159759521 0.407145434149593
17.4400000003807 20.2709903717041 0.407199814070551
17.4600000003811 20.2689781188965 0.407140613097041
17.4800000003816 20.2669696807861 0.407194804266779
17.500000000382 20.2649726867676 0.40715820155987
17.5200000003824 20.2629833221436 0.407166796034663
17.5400000003829 20.2610034942627 0.407152587088435
17.5600000003833 20.2590293884277 0.407183760260431
17.5800000003837 20.2570648193359 0.40716952213177
17.6000000003842 20.2551097869873 0.407155073241084
17.6200000003846 20.2531642913818 0.407140409964412
17.640000000385 20.2512245178223 0.4071711157597
17.6600000003855 20.2492961883545 0.40713360366711
17.6800000003859 20.247371673584 0.4071868497456
17.7000000003864 20.2454566955566 0.407172063597529
17.7200000003868 20.2435512542725 0.40715704784283
17.7400000003872 20.2416553497314 0.40714179885754
17.7600000003877 20.239767074585 0.407149106558651
17.7800000003881 20.2378845214844 0.407179159506648
17.8000000003885 20.2360134124756 0.407140972822995
17.820000000389 20.2341480255127 0.407170729025692
17.8400000003894 20.232292175293 0.40715503261456
17.8600000003898 20.2304458618164 0.407139084128232
17.8800000003903 20.2286052703857 0.407168467024655
17.9000000003907 20.2267761230469 0.407129594343992
17.9200000003912 20.2249546051025 0.407135855063291
17.9400000003916 20.2231388092041 0.407164835661741
17.960000000392 20.2213344573975 0.407125551260802
17.9800000003925 20.2195377349854 0.407131390837523
18.0000000003929 20.2177467346191 0.407159940871092
18.0200000003933 20.2159652709961 0.407143010023925
18.0400000003938 20.2141933441162 0.407125798834656
18.0600000003942 20.212423324585 0.407199477843138
18.0800000003946 20.2106685638428 0.407114083212708
18.1000000003951 20.2089214324951 0.407118997877931
18.1200000003955 20.207181930542 0.407123810614442
18.140000000396 20.2054500579834 0.407128518523073
18.1600000003964 20.2037239074707 0.407155912245607
18.1800000003968 20.2020072937012 0.40713780044446
18.2000000003973 20.2003002166748 0.407119383658267
18.2200000003977 20.1985988616943 0.407146245344974
18.2400000003981 20.1969089508057 0.407104798544743
18.2600000003986 20.1952228546143 0.407154019316532
18.280000000399 20.193546295166 0.4071351172627
18.3000000003995 20.1918773651123 0.407138688544133
18.3200000003999 20.1902179718018 0.40711933463941
18.3400000004003 20.1885662078857 0.40712244754682
18.3600000004008 20.1869239807129 0.407102628744941
18.3800000004012 20.1852855682373 0.407150857313971
18.4000000004016 20.1836605072021 0.40708535785566
18.4200000004021 20.1820411682129 0.407110309866769
18.4400000004025 20.1804275512695 0.407135302847726
18.4600000004029 20.1788234710693 0.407114747542246
18.4800000004034 20.1772270202637 0.407116638029917
18.5000000004038 20.1756381988525 0.407118369330272
18.5200000004043 20.1740589141846 0.407097145003185
18.5400000004047 20.1724872589111 0.407098357046948
18.5600000004051 20.170919418335 0.407144987563
18.5800000004056 20.1693668365479 0.407055069693434
18.600000000406 20.1678161621094 0.407123764914381
18.6200000004064 20.1662750244141 0.407101683768142
18.6400000004069 20.1647415161133 0.407102024496902
18.6600000004073 20.1632137298584 0.407124975661148
18.6800000004077 20.1616973876953 0.407079552382341
18.7000000004082 20.1601886749268 0.407079143637529
18.7200000004086 20.1586856842041 0.407101335905901
18.7400000004091 20.1571941375732 0.407055144308918
18.7600000004095 20.155704498291 0.40712233844649
18.7800000004099 20.1542263031006 0.407075939482564
18.8000000004104 20.1527519226074 0.407120127638691
18.8200000004108 20.1512889862061 0.407073318976279
18.8400000004112 20.1498317718506 0.407094298094626
18.8600000004117 20.1483840942383 0.407069669493553
18.8800000004121 20.1469440460205 0.407067427252648
18.9000000004125 20.1455135345459 0.407042172850489
18.920000000413 20.1440830230713 0.407130472449181
18.9400000004134 20.1426658630371 0.407059760855556
18.9600000004139 20.1412563323975 0.407056628188015
18.9800000004143 20.1398525238037 0.407076058844448
19.0000000004147 20.1384563446045 0.407072655028226
19.0200000004152 20.1370677947998 0.407069015921476
19.0400000004156 20.1356868743896 0.40706513862503
19.060000000416 20.1343116760254 0.40708381378067
19.0800000004165 20.1329479217529 0.407034056509858
19.1000000004169 20.1315879821777 0.407074842871553
19.1200000004173 20.1302375793457 0.407047382468112
19.1400000004178 20.1288948059082 0.407042271460422
19.1600000004182 20.127555847168 0.407082491949924
19.1800000004187 20.1262283325195 0.407031664160619
19.2000000004191 20.124906539917 0.407048572691809
19.2200000004195 20.1235904693604 0.40706540912522
19.24000000042 20.1222820281982 0.407059377745521
19.2600000004204 20.1209850311279 0.407007490652933
19.2800000004208 20.1196918487549 0.407046121825113
19.3000000004213 20.1184062957764 0.407039274405375
19.3200000004217 20.1171283721924 0.407032149657146
19.3400000004222 20.1158561706543 0.40704753822221
19.3600000004226 20.1145915985107 0.407040042303937
19.380000000423 20.1133346557617 0.407032261084456
19.4000000004235 20.1120834350586 0.40704698520555
19.4200000004239 20.1108455657959 0.406970436247728
19.4400000004243 20.1096096038818 0.40702977870836
19.4600000004248 20.1083812713623 0.407021018752001
19.4800000004252 20.1071586608887 0.407034753264331
19.5000000004256 20.1059417724609 0.407048377989673
19.5200000004261 20.1047325134277 0.407039097212697
19.5400000004265 20.1035327911377 0.407006716574576
19.560000000427 20.1023387908936 0.407019421614554
19.5800000004274 20.1011543273926 0.40698641891375
19.6000000004278 20.0999736785889 0.40702128963366
19.6200000004283 20.0988006591797 0.407010638998896
19.6400000004287 20.0976371765137 0.40697687473193
19.6600000004291 20.0964775085449 0.40701097591296
19.6800000004296 20.0953254699707 0.406999547766599
19.70000000043 20.094181060791 0.406987791556273
19.7200000004304 20.0930404663086 0.407021291464721
19.7400000004309 20.0919094085693 0.406986461256898
19.7600000004313 20.0907859802246 0.406973897093691
19.7800000004318 20.0896663665771 0.40700658107654
19.8000000004322 20.0885543823242 0.406993720511356
19.8200000004326 20.0874481201172 0.407003310202519
19.8400000004331 20.0863494873047 0.406989952353399
19.8600000004335 20.0852603912354 0.406953452605171
19.8800000004339 20.0841751098633 0.406984790038032
19.9000000004344 20.0830974578857 0.406970569876596
19.9200000004348 20.0820274353027 0.406955993384287
19.9400000004352 20.080961227417 0.406986644743846
19.9600000004357 20.0799007415771 0.406994524802135
19.9800000004361 20.0788478851318 0.406979439925122
20.0000000004366 20.0778026580811 0.406963989294936
20.020000000437 20.0767669677734 0.406925376471451
20.0400000004374 20.0757331848145 0.406977374075821
20.0600000004379 20.07470703125 0.406961192435197
20.0800000004383 20.0736904144287 0.406921841353351
20.1000000004387 20.0726757049561 0.406973093451435
20.1200000004392 20.0716686248779 0.406956159056599
20.1400000004396 20.0706691741943 0.406938841513571
20.1600000004401 20.0696716308594 0.406989518546042
20.1800000004405 20.0686855316162 0.406926415480553
20.2000000004409 20.0677032470703 0.406953712538659
20.2200000004414 20.0667285919189 0.406935412863673
20.2400000004418 20.0657577514648 0.406962304800929
20.2600000004422 20.0647945404053 0.406943595656338
20.2800000004427 20.0638408660889 0.406901693152373
20.3000000004431 20.0628871917725 0.40697316345114
20.3200000004435 20.0619468688965 0.406885441359468
20.340000000444 20.0610084533691 0.406933497618623
20.3600000004444 20.0600757598877 0.406936131934115
20.3800000004449 20.0591506958008 0.406915752753208
20.4000000004453 20.0582313537598 0.406917752798985
20.4200000004457 20.0573177337646 0.406919527815771
20.4400000004462 20.0564098358154 0.406921075629188
20.4600000004466 20.0555095672607 0.406899600523904
20.480000000447 20.0546112060547 0.406946082304909
20.5000000004475 20.0537242889404 0.406878746298747
20.5200000004479 20.0528392791748 0.406924566267925
20.5400000004483 20.0519618988037 0.406902150458295
20.5600000004488 20.0510921478271 0.406879302214583
20.5800000004492 20.0502243041992 0.406924399260482
20.6000000004497 20.0493640899658 0.406901254004441
20.6200000004501 20.0485095977783 0.40690046333214
20.6400000004505 20.0476627349854 0.406876629446948
20.660000000451 20.0468196868896 0.406897938612903
20.6800000004514 20.0459823608398 0.406896391676869
20.7000000004518 20.0451526641846 0.406871795004813
20.7200000004523 20.0443248748779 0.406915128401725
20.7400000004527 20.0435047149658 0.406890204276055
20.7600000004531 20.0426921844482 0.406864825972529
20.7800000004536 20.0418834686279 0.406884577673884
20.800000000454 20.0410823822021 0.406858666686032
20.8200000004545 20.0402851104736 0.406877881354306
20.8400000004549 20.0394954681396 0.406851428984618
20.8600000004553 20.0387096405029 0.406870097922302
20.8800000004558 20.0379276275635 0.406888682555176
20.9000000004562 20.0371532440186 0.406861594351748
20.9200000004566 20.0363826751709 0.406879621657351
20.9400000004571 20.0356197357178 0.406851971777897
20.9600000004575 20.0348606109619 0.406869433058721
20.9800000004579 20.034107208252 0.406864006346686
21.0000000004584 20.0333614349365 0.406835498007759
21.0200000004588 20.0326175689697 0.406874887846932
21.0400000004593 20.0318813323975 0.406845988272654
21.0600000004597 20.0311489105225 0.406862189711558
21.0800000004601 20.0304260253906 0.406809905928602
21.1000000004606 20.0297050476074 0.406848113707533
21.120000000461 20.0289897918701 0.406840816916457
21.1400000004614 20.0282821655273 0.406810424002641
21.1600000004619 20.0275783538818 0.406825121230119
21.1800000004623 20.026876449585 0.406862496527666
21.2000000004628 20.0261821746826 0.406831566466327
21.2200000004632 20.0254955291748 0.406800134390829
21.2400000004636 20.024808883667 0.406859371565816
21.2600000004641 20.0241317749023 0.406804901961326
21.2800000004645 20.023458480835 0.40681811298275
21.3000000004649 20.0227890014648 0.406831196936609
21.3200000004654 20.0221252441406 0.406821358832362
21.3400000004658 20.0214672088623 0.406811198576931
21.3600000004662 20.0208110809326 0.406846301077847
21.3800000004667 20.0201625823975 0.406813080824858
21.4000000004671 20.0195198059082 0.406802134703643
21.4200000004676 20.0188808441162 0.406813651999482
21.440000000468 20.0182476043701 0.406802235640535
21.4600000004684 20.0176200866699 0.406790485533725
21.4800000004689 20.0169982910156 0.406778399504674
21.5000000004693 20.01637840271 0.406811562460912
21.5200000004697 20.0157642364502 0.406799182433142
21.5400000004702 20.0151557922363 0.406786461409584
21.5600000004706 20.0145492553711 0.406818984297768
21.580000000471 20.0139503479004 0.406783165587443
21.6000000004715 20.013355255127 0.406792395705241
21.6200000004719 20.0127658843994 0.406778675498028
21.6400000004724 20.0121784210205 0.406810191954633
21.6600000004728 20.0115985870361 0.406773359564803
21.6800000004732 20.0110282897949 0.40671318813231
21.7000000004737 20.0104579925537 0.406766243819261
21.7200000004741 20.0098896026611 0.406796722678209
21.7400000004745 20.0093288421631 0.406758845442798
21.760000000475 20.0087718963623 0.406766002539662
21.7800000004754 20.0082187652588 0.406772988356619
21.8000000004758 20.0076675415039 0.406802594985037
21.8200000004763 20.0071239471436 0.406763838995964
21.8400000004767 20.0065841674805 0.406770110816033
21.8600000004772 20.0060520172119 0.406730617751155
21.8800000004776 20.005521774292 0.406758941687618
21.900000000478 20.004997253418 0.406741688574826
21.9200000004785 20.0044765472412 0.406746853941954
21.9400000004789 20.0039596557617 0.406751834258117
21.9600000004793 20.0034465789795 0.406756628073731
21.9800000004798 20.0029411315918 0.406715646857302
22.0000000004802 20.0024337768555 0.406788059577028
22.0200000004807 20.0019378662109 0.406701301764531
22.0400000004811 20.0014400482178 0.406773138426823
22.0600000004815 20.0009517669678 0.406708594473883
22.080000000482 20.0004653930664 0.406734452933357
22.1000000004824 19.9999828338623 0.406737511214302
22.1200000004828 19.9995040893555 0.406740369948434
22.1400000004833 19.9990291595459 0.406743027686167
22.1600000004837 19.9985599517822 0.406722689436962
22.1800000004841 19.9980945587158 0.406724748648694
22.2000000004846 19.9976329803467 0.40672660179048
22.220000000485 19.9971790313721 0.406682660330826
22.2400000004855 19.9967250823975 0.406729299696976
22.2600000004859 19.9962768554688 0.406707730940874
22.2800000004863 19.9958324432373 0.406708551672992
22.3000000004868 19.9953918457031 0.406709158362446
22.3200000004872 19.9949550628662 0.406709549559651
22.3400000004876 19.9945220947266 0.406709723815024
22.3600000004881 19.9940910339355 0.406732473219931
22.3800000004885 19.9936676025391 0.406686814345422
22.4000000004889 19.9932479858398 0.406686137618128
22.4200000004894 19.9928302764893 0.406708030966822
22.4400000004898 19.9924201965332 0.406661510962552
22.4600000004903 19.9920101165771 0.406705555113858
22.4800000004907 19.9916019439697 0.406726961554593
22.5000000004911 19.9912014007568 0.406679951018401
22.5200000004916 19.9908046722412 0.406677913931916
22.540000000492 19.9904098510742 0.406698438223909
22.5600000004924 19.9900226593018 0.406650540465427
22.5800000004929 19.9896354675293 0.406693198165012
22.6000000004933 19.9892501831055 0.406713209456516
22.6200000004937 19.9888725280762 0.406664795073584
22.6400000004942 19.9884967803955 0.406684138983802
22.6600000004946 19.9881267547607 0.406657847136574
22.6800000004951 19.9877586364746 0.406676708602029
22.7000000004955 19.9873943328857 0.406672724951822
22.7200000004959 19.9870319366455 0.406691290358622
22.7400000004964 19.9866771697998 0.406641421393475
22.7600000004968 19.9863224029541 0.406682095564923
22.7800000004972 19.9859752655029 0.406631730383956
22.8000000004977 19.9856300354004 0.40664911189946
22.8200000004981 19.9852886199951 0.406643639601792
22.8400000004985 19.9849491119385 0.406660707663622
22.860000000499 19.9846115112305 0.406677713278857
22.8800000004994 19.9842777252197 0.406671862181751
22.9000000004999 19.9839515686035 0.406620167922109
22.9200000005003 19.9836254119873 0.406659005927175
22.9400000005007 19.9833030700684 0.406652380789847
22.9600000005012 19.9829845428467 0.406645495223137
22.9800000005016 19.9826717376709 0.406615554236505
23.000000000502 19.9823589324951 0.406653538359736
23.0200000005025 19.9820499420166 0.406646054267024
23.0400000005029 19.981746673584 0.406615511130429
23.0600000005034 19.9814414978027 0.406675683020688
23.0800000005038 19.9811458587646 0.406599401091674
23.1000000005042 19.9808502197266 0.406636241911987
23.1200000005047 19.9805583953857 0.406627607993226
23.1400000005051 19.9802684783936 0.406641495589357
23.1600000005055 19.9799861907959 0.406586921271427
23.180000000506 19.9797019958496 0.406645656088931
23.2000000005064 19.9794216156006 0.406636309737309
23.2200000005068 19.9791450500488 0.40662668701087
23.2400000005073 19.9788722991943 0.406616786460029
23.2600000005077 19.9786052703857 0.406583813094247
23.2800000005082 19.9783382415771 0.406618747443307
23.3000000005086 19.9780750274658 0.406608196181406
23.320000000509 19.9778137207031 0.40662015556251
23.3400000005095 19.9775562286377 0.406609229239574
23.3600000005099 19.9773006439209 0.406620811385266
23.3800000005103 19.9770488739014 0.40660950565254
23.4000000005108 19.9768028259277 0.406575119132156
23.4200000005112 19.9765567779541 0.406608632353897
23.4400000005116 19.9763126373291 0.406619445532914
23.4600000005121 19.97607421875 0.406584572943804
23.4800000005125 19.9758396148682 0.406572010115741
23.500000000513 19.9756031036377 0.406627534140704
23.5200000005134 19.9753742218018 0.40656937179482
23.5400000005138 19.9751453399658 0.406601704749227
23.5600000005143 19.9749202728271 0.406588537596824
23.5800000005147 19.9746990203857 0.406575073050621
23.6000000005151 19.974479675293 0.406584103201989
23.6200000005156 19.9742622375488 0.406593025244837
23.640000000516 19.974048614502 0.406579044913417
23.6600000005164 19.9738388061523 0.406564762839443
23.6800000005169 19.9736289978027 0.40659576465524
23.7000000005173 19.973424911499 0.406558465575346
23.7200000005178 19.9732227325439 0.406566256751189
23.7400000005182 19.9730205535889 0.406596726836334
23.7600000005186 19.9728240966797 0.406558893126618
23.7800000005191 19.9726295471191 0.40656614677347
23.8000000005195 19.9724369049072 0.406573282889498
23.8200000005199 19.9722499847412 0.406534713668003
23.8400000005204 19.9720592498779 0.406609608801975
23.8600000005208 19.9718761444092 0.406548198088781
23.8800000005213 19.9716949462891 0.406554471739905
23.9000000005217 19.9715175628662 0.406537829245705
23.9200000005221 19.9713382720947 0.406589251860756
23.9400000005226 19.9711627960205 0.406572553443093
23.960000000523 19.9709911346436 0.406555538787028
23.9800000005234 19.9708232879639 0.406538206442974
24.0000000005239 19.9706592559814 0.406520554961346
24.0200000005243 19.970495223999 0.406548169974469
24.0400000005247 19.9703350067139 0.406530260237837
24.0600000005252 19.9701747894287 0.40655761554637
24.0800000005256 19.9700145721436 0.406585031737472
24.1000000005261 19.9698619842529 0.406521334647325
24.1200000005265 19.9697093963623 0.40654810386577
24.1400000005269 19.9695606231689 0.406529343985705
24.1600000005274 19.9694137573242 0.406533051261097
24.1800000005278 19.9692687988281 0.406536622885853
24.2000000005282 19.9691276550293 0.406517264594228
24.2200000005287 19.9689846038818 0.406565957640798
24.2400000005291 19.9688472747803 0.406523722342643
24.2600000005295 19.9687118530273 0.406526551932487
24.28000000053 19.968578338623 0.406529241522942
24.3000000005304 19.968448638916 0.406508996848261
24.3200000005309 19.968318939209 0.406534005622065
24.3400000005313 19.9681911468506 0.406536270140804
24.3600000005317 19.9680690765381 0.406492804679074
24.3800000005322 19.967945098877 0.406539985388913
24.4000000005326 19.9678268432617 0.406496230506102
24.420000000533 19.9677085876465 0.40652032680432
24.4400000005335 19.9675922393799 0.406521674498718
24.4600000005339 19.9674739837646 0.40656846202771
24.4800000005343 19.9673671722412 0.406455931166812
24.5000000005348 19.9672546386719 0.406547434004945
24.5200000005352 19.9671497344971 0.406479999198124
24.5400000005357 19.967041015625 0.40654859966199
24.5600000005361 19.9669380187988 0.406503656653569
24.5800000005365 19.9668388366699 0.406480971945929
24.600000000537 19.9667415618896 0.40648073554914
24.6200000005374 19.9666423797607 0.40652593173902
24.6400000005378 19.9665451049805 0.406525769995857
24.6600000005383 19.9664516448975 0.4065026602165
24.6800000005387 19.9663639068604 0.40645640949171
24.7000000005391 19.9662742614746 0.406500791892222
24.7200000005396 19.9661846160889 0.406522606276683
24.74000000054 19.9661026000977 0.406453280562574
24.7600000005405 19.9660167694092 0.406519981421643
24.7800000005409 19.9659366607666 0.406473130110915
24.8000000005413 19.9658584594727 0.406471321944412
24.8200000005418 19.9657802581787 0.406492145575699
24.8400000005422 19.9657039642334 0.406490205382523
24.8600000005426 19.9656276702881 0.406510896262345
24.8800000005431 19.9655590057373 0.40644044197005
24.9000000005435 19.9654865264893 0.406506009177386
24.920000000544 19.9654197692871 0.406458019141377
24.9400000005444 19.9653511047363 0.406500654257954
24.9600000005448 19.9652843475342 0.406497919844807
24.9800000005453 19.9652233123779 0.406449432257834
25.0000000005457 19.965160369873 0.406491567649069
25.0200000005461 19.9651012420654 0.40646553779525
25.0400000005466 19.9650440216064 0.40646194103164
25.060000000547 19.9649868011475 0.406480968093102
25.0800000005474 19.9649333953857 0.406454429816431
25.1000000005479 19.964879989624 0.406473115996546
25.1200000005483 19.9648284912109 0.406469028929897
25.1400000005488 19.9647789001465 0.406464769972988
25.1600000005492 19.9647312164307 0.406460338401029
25.1800000005496 19.9646835327148 0.40647852703018
25.2000000005501 19.9646396636963 0.406451146697234
25.2200000005505 19.9645957946777 0.406468987197112
25.2400000005509 19.9645557403564 0.406441257285309
25.2600000005514 19.9645156860352 0.406458746756745
25.2800000005518 19.9644756317139 0.406476251448823
25.3000000005522 19.9644412994385 0.406425390738681
25.3200000005527 19.9644031524658 0.406487936400606
25.3400000005531 19.9643726348877 0.406414118231968
25.3600000005536 19.9643383026123 0.406476307067112
25.380000000554 19.9643058776855 0.406470511244969
25.4000000005544 19.9642772674561 0.406441742743689
25.4200000005549 19.9642505645752 0.406435395735938
25.4400000005553 19.9642238616943 0.40645166095658
25.4600000005557 19.9642009735107 0.406422349242409
25.4800000005562 19.9641780853271 0.406438250388345
25.5000000005566 19.9641551971436 0.40645416023179
25.520000000557 19.96413230896 0.406470078772744
25.5400000005575 19.9641170501709 0.406394831847393
25.5600000005579 19.9640979766846 0.406455586127482
25.5800000005584 19.9640808105469 0.406448349951946
25.6000000005588 19.9640693664551 0.406395341757978
25.6200000005592 19.9640560150146 0.406432937697614
25.6400000005597 19.9640426635742 0.406447936629499
25.6600000005601 19.9640331268311 0.406417353553024
25.6800000005605 19.9640216827393 0.406454771804061
25.700000000561 19.9640121459961 0.406446798781601
25.7200000005614 19.9640045166016 0.406438637923447
25.7400000005618 19.9639987945557 0.406430288504808
25.7600000005623 19.9639949798584 0.40642174980089
25.7800000005627 19.9639892578125 0.40645860816881
25.8000000005632 19.9639892578125 0.406404486006947
25.8200000005636 19.9639873504639 0.406440963629932
25.840000000564 19.9639873504639 0.406432046355458
25.8600000005645 19.9639911651611 0.406400144080374
25.8800000005649 19.9639949798584 0.406413444518301
25.9000000005653 19.9640026092529 0.406381156424736
25.9200000005658 19.9640064239502 0.406439656676505
25.9400000005662 19.9640121459961 0.406430157775139
25.9600000005667 19.9640216827393 0.406397671698785
25.9800000005671 19.9640312194824 0.406410386161065
26.0000000005675 19.9640407562256 0.406423096999384
26.020000000568 19.9640560150146 0.406367423590877
26.0400000005684 19.9640674591064 0.406425137709834
26.0600000005688 19.9640808105469 0.406414849776485
26.0800000005693 19.9640941619873 0.406427158850887
26.1000000005697 19.9641094207764 0.406416669310788
26.1200000005701 19.9641246795654 0.406428776053647
26.1400000005706 19.9641437530518 0.406395289916258
26.160000000571 19.9641628265381 0.406407000693541
26.1800000005715 19.964183807373 0.406395910681945
26.2000000005719 19.964204788208 0.406407414778931
26.2200000005723 19.9642276763916 0.406396117362244
26.2400000005728 19.9642505645752 0.406407413329347
26.2600000005732 19.9642772674561 0.406373113517031
26.2800000005736 19.9643001556396 0.406429594802126
26.3000000005741 19.9643287658691 0.406372482604251
26.3200000005745 19.96435546875 0.406405959319339
26.3400000005749 19.9643859863281 0.406371236724125
26.3600000005754 19.9644145965576 0.406404500235783
26.3800000005758 19.9644432067871 0.406415150794255
26.4000000005763 19.9644737243652 0.406402996939886
26.4200000005767 19.964506149292 0.406390640029181
26.4400000005771 19.9645404815674 0.406378079337348
26.4600000005776 19.9645748138428 0.406388107680549
26.480000000578 19.9646110534668 0.406375329436531
26.5000000005784 19.9646434783936 0.406430726584663
26.5200000005789 19.9646816253662 0.406372526625864
26.5400000005793 19.9647197723389 0.406382118415109
26.5600000005797 19.9647598266602 0.406368902167552
26.5800000005802 19.9647998809814 0.40637827278065
26.6000000005806 19.9648361206055 0.406433215255015
26.6200000005811 19.964879989624 0.406351765631909
26.6400000005815 19.9649219512939 0.406383501204724
26.6600000005819 19.9649639129639 0.406392618750805
26.6800000005824 19.9650096893311 0.406356133269545
26.7000000005828 19.9650554656982 0.406364834555861
26.7200000005832 19.9651012420654 0.406373518447157
26.7400000005837 19.9651470184326 0.406382184943435
26.7600000005841 19.9651927947998 0.406390834044692
26.7800000005846 19.9652404785156 0.406376672209976
26.800000000585 19.9652881622314 0.406385094336746
26.8200000005854 19.9653339385986 0.406416291884659
26.8400000005859 19.9653854370117 0.406356489333391
26.8600000005863 19.9654369354248 0.406364473456621
26.8800000005867 19.9654903411865 0.406349644469501
26.9000000005872 19.9655418395996 0.406380190810443
26.9200000005876 19.9655952453613 0.406365321959735
26.940000000588 19.9656467437744 0.406395828437091
26.9600000005885 19.9657039642334 0.406335332640889
26.9800000005889 19.9657573699951 0.406388208426716
27.0000000005894 19.9658126831055 0.406373066214803
27.0200000005898 19.9658679962158 0.406380505065206
27.0400000005902 19.9659271240234 0.406342335814719
27.0600000005907 19.9659862518311 0.406349348258262
27.0800000005911 19.9660453796387 0.406356338233238
27.1000000005915 19.9661026000977 0.406386099280601
27.120000000592 19.9661617279053 0.406370442961937
27.1400000005924 19.9662227630615 0.406354572715051
27.1600000005928 19.9662837982178 0.406361281356103
27.1800000005933 19.9663467407227 0.406345173262842
27.2000000005937 19.9664077758789 0.406374436873682
27.2200000005942 19.9664745330811 0.406312694587001
27.2400000005946 19.9665374755859 0.406364320258387
27.260000000595 19.9666004180908 0.406370717849025
27.2800000005955 19.9666652679443 0.406354297980557
27.3000000005959 19.9667301177979 0.406360455550442
27.3200000005963 19.9667949676514 0.406366588477383
27.3400000005968 19.9668636322021 0.406327109679472
27.3600000005972 19.9669284820557 0.406378396033536
27.3800000005976 19.9669971466064 0.406338866500151
27.4000000005981 19.9670639038086 0.406367308577788
27.4200000005985 19.9671325683594 0.406350329665435
27.440000000599 19.9672012329102 0.406355926741851
27.4600000005994 19.9672718048096 0.406338704184784
27.4800000005998 19.9673442840576 0.406321263350739
27.5000000006003 19.967414855957 0.406349190596833
27.5200000006007 19.9674854278564 0.406354488944306
27.5400000006011 19.9675579071045 0.406336966933504
27.5600000006016 19.9676284790039 0.40636481300284
27.580000000602 19.967700958252 0.406347236632601
27.6000000006024 19.9677734375 0.406352234801547
27.6200000006029 19.9678478240967 0.406334411887424
27.6400000006033 19.9679222106934 0.406339162787693
27.6600000006038 19.9679985046387 0.406321091880101
27.6800000006042 19.968074798584 0.406325594062108
27.7000000006046 19.9681510925293 0.406330067252416
27.7200000006051 19.9682235717773 0.406380098532933
27.7400000006055 19.9682998657227 0.40633931102683
27.7600000006059 19.968376159668 0.406343698691625
27.7800000006064 19.9684524536133 0.406348057364721
27.8000000006068 19.9685325622559 0.40630679996421
27.8200000006073 19.9686107635498 0.406333509825965
27.8400000006077 19.9686889648438 0.40633758788993
27.8600000006081 19.9687671661377 0.406341636237404
27.8800000006086 19.968843460083 0.406368448409339
27.900000000609 19.9689235687256 0.406327042426369
27.9200000006094 19.9690055847168 0.406308016623758
27.9400000006099 19.9690837860107 0.406357148818276
27.9600000006103 19.969165802002 0.406315460051798
27.9800000006107 19.9692497253418 0.406296150740886
28.0000000006112 19.9693279266357 0.406367792243265
28.0200000006116 19.969409942627 0.406326010703349
28.0400000006121 19.9694938659668 0.406306608618999
28.0600000006125 19.9695720672607 0.406378157347941
28.0800000006129 19.9696598052979 0.406267902411725
28.1000000006134 19.9697399139404 0.406361798705364
28.1200000006138 19.9698238372803 0.406319669150616
28.1400000006142 19.9699058532715 0.406345505408551
28.1600000006147 19.9699878692627 0.40634870841911
28.1800000006151 19.9700736999512 0.406306293181685
28.2000000006155 19.970157623291 0.406331843032148
28.220000000616 19.9702434539795 0.40631196536949
28.2400000006164 19.9703273773193 0.406337450713423
28.2600000006169 19.9704151153564 0.40629471500328
28.2800000006173 19.9705009460449 0.406319943656234
28.3000000006177 19.9705867767334 0.406322537612228
28.3200000006182 19.9706707000732 0.406347892493514
28.3400000006186 19.9707565307617 0.406327819861679
28.360000000619 19.9708423614502 0.406330316695481
28.3800000006195 19.9709300994873 0.406309987372666
28.4000000006199 19.9710159301758 0.406335020331651
28.4200000006203 19.9711055755615 0.406291831511767
28.4400000006208 19.9711933135986 0.406316606330187
28.4600000006212 19.9712810516357 0.406318745726855
28.4800000006217 19.9713726043701 0.40627526470116
28.5000000006221 19.97145652771 0.406368127211839
28.5200000006225 19.9715442657471 0.406324962424548
28.540000000623 19.9716320037842 0.406326968459399
28.5600000006234 19.9717216491699 0.406306147612843
28.5800000006238 19.9718112945557 0.406307894782337
28.6000000006243 19.9718990325928 0.40633240142754
28.6200000006247 19.9719905853271 0.406288685569081
28.6400000006252 19.9720821380615 0.406290139083181
28.6600000006256 19.97216796875 0.406359938430103
28.680000000626 19.9722595214844 0.406293518294607
28.7000000006265 19.9723510742188 0.406294869612967
28.7200000006269 19.9724407196045 0.406318979682241
28.7400000006273 19.9725322723389 0.406297660064017
28.7600000006278 19.9726238250732 0.406298907737052
28.7800000006282 19.972713470459 0.406322914161002
28.8000000006286 19.9728050231934 0.406301490897453
28.8200000006291 19.9728946685791 0.406325428466117
28.8400000006295 19.9729862213135 0.406303936347282
28.86000000063 19.9730777740479 0.406305011519707
28.8800000006304 19.9731693267822 0.406306051902092
28.9000000006308 19.9732608795166 0.406307057494439
28.9200000006313 19.973352432251 0.406308028296746
28.9400000006317 19.9734439849854 0.406308964309014
28.9600000006321 19.9735336303711 0.406332659072198
28.9800000006326 19.9736251831055 0.406310924147882
29.000000000633 19.9737186431885 0.406288962973871
29.0200000006334 19.9738121032715 0.406289568366328
29.0400000006339 19.9739017486572 0.40633572532586
29.0600000006343 19.9739952087402 0.406291056975642
29.0800000006348 19.9740886688232 0.406291557273189
29.1000000006352 19.9741802215576 0.406314815596858
29.1200000006356 19.9742736816406 0.406292643508235
29.1400000006361 19.9743633270264 0.406338625067988
29.1600000006365 19.9744567871094 0.406293781317989
29.1800000006369 19.974552154541 0.406271312674801
29.2000000006374 19.974645614624 0.406294203414242
29.2200000006378 19.9747371673584 0.406317250098507
29.2400000006382 19.9748287200928 0.406317659911434
29.2600000006387 19.9749221801758 0.406295241393369
29.2800000006391 19.9750156402588 0.40629538944177
29.3000000006396 19.9751091003418 0.406295501975339
29.32000000064 19.9752025604248 0.406295578994077
29.3400000006404 19.9752941131592 0.406318414038938
29.3600000006409 19.9753856658936 0.406318612212461
29.3800000006413 19.9754810333252 0.406273188514037
29.4000000006417 19.9755744934082 0.40629572627954
29.4200000006422 19.9756698608398 0.406272832907958
29.4400000006426 19.9757614135742 0.406318092459959
29.460000000643 19.9758529663086 0.406318113059325
29.4800000006435 19.9759464263916 0.406295305327697
29.5000000006439 19.9760417938232 0.406272270621582
29.5200000006444 19.9761352539063 0.406294595298095
29.5400000006448 19.9762287139893 0.406294282378479
29.5600000006452 19.976318359375 0.406339521025939
29.5800000006457 19.9764137268066 0.406271140822694
29.6000000006461 19.9765071868896 0.406293324164673
29.6200000006465 19.9766025543213 0.406270076369569
29.640000000647 19.9766960144043 0.406292187957093
29.6600000006474 19.9767894744873 0.406291661948487
29.6800000006479 19.9768810272217 0.406313893966004
29.7000000006483 19.9769763946533 0.406267902030275
29.7200000006487 19.9770698547363 0.406289871558473
29.7400000006492 19.9771633148193 0.406289203490541
29.7600000006496 19.9772567749023 0.406288499907778
29.78000000065 19.9773483276367 0.406310554351137
29.8000000006505 19.9774398803711 0.406309971923159
29.8200000006509 19.9775333404541 0.406286561164187
29.8400000006513 19.9776287078857 0.406262923430728
29.8600000006518 19.9777202606201 0.406307438620852
29.8800000006522 19.9778137207031 0.406283921317386
29.9000000006527 19.9779052734375 0.406305764121341
29.9200000006531 19.9779968261719 0.406304970053958
29.9400000006535 19.9780921936035 0.406258554114628
29.960000000654 19.9781837463379 0.406302893180179
29.9800000006544 19.9782772064209 0.40627919975214
30.0000000006548 19.9783668518066 0.406323659972476
30.0200000006553 19.9784603118896 0.406277294883061
30.0400000006557 19.978551864624 0.406298891982365
30.0600000006561 19.9786434173584 0.406297852210331
30.0800000006566 19.9787349700928 0.406296777648259
30.100000000657 19.9788303375244 0.406250081214239
30.1200000006575 19.9789257049561 0.406248552703192
30.1400000006579 19.9790172576904 0.406292575034429
30.1600000006583 19.9791088104248 0.40629135841303
30.1800000006588 19.9791984558105 0.406312900542546
30.2000000006592 19.9792900085449 0.406289012984564
30.2200000006596 19.9793834686279 0.406264899176886
30.2400000006601 19.9794731140137 0.406308939017584
